#
# There is insufficient memory for the Java Runtime Environment to continue.
# Native memory allocation (mmap) failed to map 104857600 bytes for committing reserved memory.
# Possible reasons:
#   The system is out of physical RAM or swap space
#   In 32 bit mode, the process size limit was hit
# Possible solutions:
#   Reduce memory load on the system
#   Increase physical memory or swap space
#   Check if swap backing store is full
#   Use 64 bit Java on a 64 bit OS
#   Decrease Java heap size (-Xmx/-Xms)
#   Decrease number of Java threads
#   Decrease Java thread stack sizes (-Xss)
#   Set larger code cache with -XX:ReservedCodeCacheSize=
# This output file may be truncated or incomplete.
#
#  Out of Memory Error (os_linux.cpp:2627), pid=25775, tid=0x00007f2b4362a700
#
# JRE version: OpenJDK Runtime Environment (8.0_76-b03) (build 1.8.0_76-release-b03)
# Java VM: OpenJDK 64-Bit Server VM (25.76-b03 mixed mode linux-amd64 compressed oops)
# Failed to write core dump. Core dumps have been disabled. To enable core dumping, try "ulimit -c unlimited" before starting Java again
#

---------------  T H R E A D  ---------------

Current thread (0x00007f2b58073800):  VMThread [stack: 0x00007f2b4352a000,0x00007f2b4362b000] [id=25823]

Stack: [0x00007f2b4352a000,0x00007f2b4362b000],  sp=0x00007f2b436294c0,  free space=1021k
Native frames: (J=compiled Java code, j=interpreted, Vv=VM code, C=native code)
V  [libjvm.so+0x9d9fcd]  VMError::report_and_die()+0x15d
V  [libjvm.so+0x4b4d4a]  report_vm_out_of_memory(char const*, int, unsigned long, VMErrorType, char const*)+0x8a
V  [libjvm.so+0x845190]  os::pd_commit_memory(char*, unsigned long, unsigned long, bool)+0xf0
V  [libjvm.so+0x83fcbf]  os::commit_memory(char*, unsigned long, unsigned long, bool)+0x1f
V  [libjvm.so+0x8b4d9b]  PSVirtualSpace::expand_by(unsigned long)+0x5b
V  [libjvm.so+0x8b5a10]  PSYoungGen::resize_generation(unsigned long, unsigned long)+0xb0
V  [libjvm.so+0x8b5d2b]  PSYoungGen::resize(unsigned long, unsigned long)+0x1b
V  [libjvm.so+0x8b241c]  PSScavenge::invoke_no_policy()+0xdac
V  [libjvm.so+0x8b2bf8]  PSScavenge::invoke()+0x38
V  [libjvm.so+0x8681f3]  ParallelScavengeHeap::failed_mem_allocate(unsigned long)+0x63
V  [libjvm.so+0x9dba94]  VM_ParallelGCFailedAllocation::doit()+0x84
V  [libjvm.so+0x9dfe47]  VM_Operation::evaluate()+0x47
V  [libjvm.so+0x9de908]  VMThread::evaluate_operation(VM_Operation*)+0x2c8
V  [libjvm.so+0x9ded89]  VMThread::loop()+0x219
V  [libjvm.so+0x9df1d2]  VMThread::run()+0x72
V  [libjvm.so+0x8425b2]  java_start(Thread*)+0xf2

VM_Operation (0x00007f2b09ed9ef0): ParallelGCFailedAllocation, mode: safepoint, requested by thread 0x00007f2b2c00a000


---------------  P R O C E S S  ---------------

Java Threads: ( => current thread )
  0x00007f2b2c00b000 JavaThread "pool-15-thread-4" [_thread_blocked, id=25923, stack(0x00007f2b095d3000,0x00007f2b096d4000)]
  0x00007f2b2c00a000 JavaThread "pool-15-thread-3" [_thread_blocked, id=25922, stack(0x00007f2b09ddb000,0x00007f2b09edc000)]
  0x00007f2b2c009000 JavaThread "pool-15-thread-2" [_thread_blocked, id=25921, stack(0x00007f2b097d5000,0x00007f2b098d6000)]
  0x00007f2b2c008000 JavaThread "pool-16-thread-1" [_thread_blocked, id=25920, stack(0x00007f2b099d7000,0x00007f2b09ad8000)]
  0x00007f2b2c007000 JavaThread "pool-15-thread-1" [_thread_blocked, id=25919, stack(0x00007f2b09cda000,0x00007f2b09ddb000)]
  0x00007f2b20015000 JavaThread "pool-7-thread-3" [_thread_blocked, id=25918, stack(0x00007f2b096d4000,0x00007f2b097d5000)]
  0x00007f2b58b05800 JavaThread "pool-11-thread-4" [_thread_blocked, id=25913, stack(0x00007f2b098d6000,0x00007f2b099d7000)]
  0x00007f2b58b04800 JavaThread "pool-11-thread-3" [_thread_blocked, id=25911, stack(0x00007f2b09ad8000,0x00007f2b09bd9000)]
  0x00007f2b58b02000 JavaThread "pool-11-thread-2" [_thread_blocked, id=25910, stack(0x00007f2b09bd9000,0x00007f2b09cda000)]
  0x00007f2b58ae0000 JavaThread "pool-13-thread-1" [_thread_blocked, id=25907, stack(0x00007f2b0aafd000,0x00007f2b0abfe000)]
  0x00007f2b58ade800 JavaThread "pool-11-thread-1" [_thread_blocked, id=25906, stack(0x00007f2b0a8fb000,0x00007f2b0a9fc000)]
  0x00007f2b3c039800 JavaThread "pool-7-thread-2" [_thread_blocked, id=25905, stack(0x00007f2b0a9fc000,0x00007f2b0aafd000)]
  0x00007f2b2000d800 JavaThread "pool-7-thread-1" [_thread_blocked, id=25904, stack(0x00007f2b0abfe000,0x00007f2b0acff000)]
  0x00007f2b04fc2000 JavaThread "pool-4-thread-2" [_thread_blocked, id=25903, stack(0x00007f2b0acff000,0x00007f2b0ae00000)]
  0x00007f2b04e68800 JavaThread "pool-4-thread-1" [_thread_blocked, id=25863, stack(0x00007f2b3802a000,0x00007f2b3812b000)]
  0x00007f2b0466c800 JavaThread "File lock request listener" [_thread_in_native, id=25854, stack(0x00007f2b400d6000,0x00007f2b401d7000)]
  0x00007f2b0458d800 JavaThread "process reaper" daemon [_thread_blocked, id=25852, stack(0x00007f2b401d7000,0x00007f2b40210000)]
  0x00007f2b04019800 JavaThread "Stdin handler" [_thread_blocked, id=25848, stack(0x00007f2b40c89000,0x00007f2b40d8a000)]
  0x00007f2b04010800 JavaThread "Asynchronous log dispatcher for org.gradle.launcher.daemon.server.DefaultDaemonConnection@632485b1" [_thread_blocked, id=25847, stack(0x00007f2b40d8a000,0x00007f2b40e8b000)]
  0x00007f2b1000d000 JavaThread "Daemon worker" [_thread_blocked, id=25844, stack(0x00007f2b40e8b000,0x00007f2b40f8c000)]
  0x00007f2b10007800 JavaThread "Cancel handler" [_thread_blocked, id=25843, stack(0x00007f2b40f8c000,0x00007f2b4108d000)]
  0x00007f2b10007000 JavaThread "Handler for socket connection from /127.0.0.1:42130 to /127.0.0.1:43512" [_thread_in_native, id=25842, stack(0x00007f2b4108d000,0x00007f2b4118e000)]
  0x00007f2b18011800 JavaThread "Daemon" [_thread_blocked, id=25841, stack(0x00007f2b4118e000,0x00007f2b4128f000)]
  0x00007f2b58b51800 JavaThread "pool-1-thread-1" [_thread_blocked, id=25840, stack(0x00007f2b4128f000,0x00007f2b41390000)]
  0x00007f2b58b34000 JavaThread "Incoming local TCP Connector on port 42130" [_thread_in_native, id=25839, stack(0x00007f2b41597000,0x00007f2b41698000)]
  0x00007f2b580c2000 JavaThread "Service Thread" daemon [_thread_blocked, id=25836, stack(0x00007f2b42c4c000,0x00007f2b42d4d000)]
  0x00007f2b580b7000 JavaThread "C1 CompilerThread1" daemon [_thread_blocked, id=25835, stack(0x00007f2b42d4d000,0x00007f2b42e4e000)]
  0x00007f2b580b4000 JavaThread "C2 CompilerThread0" daemon [_thread_blocked, id=25834, stack(0x00007f2b42e4e000,0x00007f2b42f4f000)]
  0x00007f2b580b2800 JavaThread "Signal Dispatcher" daemon [_thread_blocked, id=25833, stack(0x00007f2b42f4f000,0x00007f2b43050000)]
  0x00007f2b5807f800 JavaThread "Finalizer" daemon [_thread_blocked, id=25825, stack(0x00007f2b43328000,0x00007f2b43429000)]
  0x00007f2b5807b000 JavaThread "Reference Handler" daemon [_thread_blocked, id=25824, stack(0x00007f2b43429000,0x00007f2b4352a000)]
  0x00007f2b5800a000 JavaThread "main" [_thread_blocked, id=25812, stack(0x00007f2b5ed78000,0x00007f2b5ee79000)]

Other Threads:
=>0x00007f2b58073800 VMThread [stack: 0x00007f2b4352a000,0x00007f2b4362b000] [id=25823]
  0x00007f2b580c4000 WatcherThread [stack: 0x00007f2b42b4b000,0x00007f2b42c4c000] [id=25837]

VM state:at safepoint (normal execution)

VM Mutex/Monitor currently owned by a thread:  ([mutex/lock_event])
[0x00007f2b580066a0] Threads_lock - owner thread: 0x00007f2b58073800
[0x00007f2b58006ba0] Heap_lock - owner thread: 0x00007f2b2c00a000

Heap:
 PSYoungGen      total 256000K, used 18421K [0x00000000e0000000, 0x00000000f3a00000, 0x0000000100000000)
  eden space 237568K, 0% used [0x00000000e0000000,0x00000000e0000000,0x00000000ee800000)
  from space 18432K, 99% used [0x00000000ee800000,0x00000000ef9fd708,0x00000000efa00000)
  to   space 18944K, 0% used [0x00000000efa00000,0x00000000efa00000,0x00000000f0c80000)
 ParOldGen       total 79360K, used 62851K [0x00000000a0000000, 0x00000000a4d80000, 0x00000000e0000000)
  object space 79360K, 79% used [0x00000000a0000000,0x00000000a3d60ce0,0x00000000a4d80000)
 Metaspace       used 61678K, capacity 63250K, committed 63360K, reserved 1103872K
  class space    used 7937K, capacity 8292K, committed 8320K, reserved 1048576K

Card table byte_map: [0x00007f2b48723000,0x00007f2b48a24000] byte_map_base: 0x00007f2b48223000

Marking Bits: (ParMarkBitMap*) 0x00007f2b5e2501a0
 Begin Bits: [0x00007f2b39000000, 0x00007f2b3a800000)
 End Bits:   [0x00007f2b3a800000, 0x00007f2b3c000000)

Polling page: 0x00007f2b5eea0000

CodeCache: size=245760Kb used=27816Kb max_used=27816Kb free=217943Kb
 bounds [0x00007f2b48de4000, 0x00007f2b4a934000, 0x00007f2b57de4000]
 total_blobs=9576 nmethods=8834 adapters=653
 compilation: enabled

Compilation events (10 events):
Event: 67.583 Thread 0x00007f2b580b7000 nmethod 10654 0x00007f2b4a926110 code [0x00007f2b4a926260, 0x00007f2b4a9263b0]
Event: 67.583 Thread 0x00007f2b580b7000 10697       2       com.android.dx.rop.cst.CstString::getType (4 bytes)
Event: 67.583 Thread 0x00007f2b580b7000 nmethod 10697 0x00007f2b4a925dd0 code [0x00007f2b4a925f20, 0x00007f2b4a926070]
Event: 67.583 Thread 0x00007f2b580b7000 10678       2       com.android.dx.rop.code.BasicBlockList::preferredSuccessorOf (77 bytes)
Event: 67.583 Thread 0x00007f2b580b7000 nmethod 10678 0x00007f2b4a92b990 code [0x00007f2b4a92bb40, 0x00007f2b4a92bda8]
Event: 67.583 Thread 0x00007f2b580b7000 10690       2       java.util.BitSet::nextClearBit (116 bytes)
Event: 67.584 Thread 0x00007f2b580b7000 nmethod 10690 0x00007f2b4a92bf50 code [0x00007f2b4a92c120, 0x00007f2b4a92c678]
Event: 67.584 Thread 0x00007f2b580b7000 10704       2       com.android.dx.ssa.back.FirstFitLocalCombiningAllocator::getAlignment (32 bytes)
Event: 67.585 Thread 0x00007f2b580b7000 nmethod 10704 0x00007f2b4a92ca50 code [0x00007f2b4a92cbc0, 0x00007f2b4a92cd50]
Event: 67.585 Thread 0x00007f2b580b7000 10699       2       com.android.dx.ssa.back.FirstFitLocalCombiningAllocator::findNextUnreservedRopReg (12 bytes)

GC Heap History (10 events):
Event: 39.160 GC heap after
Heap after GC invocations=11 (full 2):
 PSYoungGen      total 160256K, used 11760K [0x00000000e0000000, 0x00000000ed880000, 0x0000000100000000)
  eden space 148480K, 0% used [0x00000000e0000000,0x00000000e0000000,0x00000000e9100000)
  from space 11776K, 99% used [0x00000000e9100000,0x00000000e9c7c200,0x00000000e9c80000)
  to   space 14336K, 0% used [0x00000000eca80000,0x00000000eca80000,0x00000000ed880000)
 ParOldGen       total 57856K, used 19179K [0x00000000a0000000, 0x00000000a3880000, 0x00000000e0000000)
  object space 57856K, 33% used [0x00000000a0000000,0x00000000a12bafb8,0x00000000a3880000)
 Metaspace       used 44059K, capacity 45034K, committed 45056K, reserved 1087488K
  class space    used 5901K, capacity 6136K, committed 6144K, reserved 1048576K
}
Event: 51.685 GC heap before
{Heap before GC invocations=12 (full 2):
 PSYoungGen      total 160256K, used 160240K [0x00000000e0000000, 0x00000000ed880000, 0x0000000100000000)
  eden space 148480K, 100% used [0x00000000e0000000,0x00000000e9100000,0x00000000e9100000)
  from space 11776K, 99% used [0x00000000e9100000,0x00000000e9c7c200,0x00000000e9c80000)
  to   space 14336K, 0% used [0x00000000eca80000,0x00000000eca80000,0x00000000ed880000)
 ParOldGen       total 57856K, used 19179K [0x00000000a0000000, 0x00000000a3880000, 0x00000000e0000000)
  object space 57856K, 33% used [0x00000000a0000000,0x00000000a12bafb8,0x00000000a3880000)
 Metaspace       used 50594K, capacity 51930K, committed 52096K, reserved 1093632K
  class space    used 6744K, capacity 7030K, committed 7040K, reserved 1048576K
Event: 51.772 GC heap after
Heap after GC invocations=12 (full 2):
 PSYoungGen      total 203264K, used 14320K [0x00000000e0000000, 0x00000000edb80000, 0x0000000100000000)
  eden space 188928K, 0% used [0x00000000e0000000,0x00000000e0000000,0x00000000eb880000)
  from space 14336K, 99% used [0x00000000eca80000,0x00000000ed87c010,0x00000000ed880000)
  to   space 17920K, 0% used [0x00000000eb880000,0x00000000eb880000,0x00000000eca00000)
 ParOldGen       total 57856K, used 24300K [0x00000000a0000000, 0x00000000a3880000, 0x00000000e0000000)
  object space 57856K, 42% used [0x00000000a0000000,0x00000000a17bb070,0x00000000a3880000)
 Metaspace       used 50594K, capacity 51930K, committed 52096K, reserved 1093632K
  class space    used 6744K, capacity 7030K, committed 7040K, reserved 1048576K
}
Event: 58.571 GC heap before
{Heap before GC invocations=13 (full 2):
 PSYoungGen      total 203264K, used 203119K [0x00000000e0000000, 0x00000000edb80000, 0x0000000100000000)
  eden space 188928K, 99% used [0x00000000e0000000,0x00000000eb85fdb0,0x00000000eb880000)
  from space 14336K, 99% used [0x00000000eca80000,0x00000000ed87c010,0x00000000ed880000)
  to   space 17920K, 0% used [0x00000000eb880000,0x00000000eb880000,0x00000000eca00000)
 ParOldGen       total 57856K, used 24300K [0x00000000a0000000, 0x00000000a3880000, 0x00000000e0000000)
  object space 57856K, 42% used [0x00000000a0000000,0x00000000a17bb070,0x00000000a3880000)
 Metaspace       used 57561K, capacity 58968K, committed 59136K, reserved 1099776K
  class space    used 7505K, capacity 7867K, committed 7936K, reserved 1048576K
Event: 58.642 GC heap after
Heap after GC invocations=13 (full 2):
 PSYoungGen      total 206848K, used 12459K [0x00000000e0000000, 0x00000000f0c80000, 0x0000000100000000)
  eden space 188928K, 0% used [0x00000000e0000000,0x00000000e0000000,0x00000000eb880000)
  from space 17920K, 69% used [0x00000000eb880000,0x00000000ec4aaca8,0x00000000eca00000)
  to   space 18944K, 0% used [0x00000000efa00000,0x00000000efa00000,0x00000000f0c80000)
 ParOldGen       total 57856K, used 32118K [0x00000000a0000000, 0x00000000a3880000, 0x00000000e0000000)
  object space 57856K, 55% used [0x00000000a0000000,0x00000000a1f5d8c0,0x00000000a3880000)
 Metaspace       used 57561K, capacity 58968K, committed 59136K, reserved 1099776K
  class space    used 7505K, capacity 7867K, committed 7936K, reserved 1048576K
}
Event: 58.727 GC heap before
{Heap before GC invocations=14 (full 2):
 PSYoungGen      total 206848K, used 36118K [0x00000000e0000000, 0x00000000f0c80000, 0x0000000100000000)
  eden space 188928K, 12% used [0x00000000e0000000,0x00000000e171ad28,0x00000000eb880000)
  from space 17920K, 69% used [0x00000000eb880000,0x00000000ec4aaca8,0x00000000eca00000)
  to   space 18944K, 0% used [0x00000000efa00000,0x00000000efa00000,0x00000000f0c80000)
 ParOldGen       total 57856K, used 32118K [0x00000000a0000000, 0x00000000a3880000, 0x00000000e0000000)
  object space 57856K, 55% used [0x00000000a0000000,0x00000000a1f5d8c0,0x00000000a3880000)
 Metaspace       used 57598K, capacity 59050K, committed 59136K, reserved 1099776K
  class space    used 7514K, capacity 7872K, committed 7936K, reserved 1048576K
Event: 58.790 GC heap after
Heap after GC invocations=14 (full 2):
 PSYoungGen      total 256512K, used 10922K [0x00000000e0000000, 0x00000000f3a00000, 0x0000000100000000)
  eden space 237568K, 0% used [0x00000000e0000000,0x00000000e0000000,0x00000000ee800000)
  from space 18944K, 57% used [0x00000000efa00000,0x00000000f04aab80,0x00000000f0c80000)
  to   space 18432K, 0% used [0x00000000ee800000,0x00000000ee800000,0x00000000efa00000)
 ParOldGen       total 57856K, used 32134K [0x00000000a0000000, 0x00000000a3880000, 0x00000000e0000000)
  object space 57856K, 55% used [0x00000000a0000000,0x00000000a1f618c0,0x00000000a3880000)
 Metaspace       used 57598K, capacity 59050K, committed 59136K, reserved 1099776K
  class space    used 7514K, capacity 7872K, committed 7936K, reserved 1048576K
}
Event: 58.790 GC heap before
{Heap before GC invocations=15 (full 3):
 PSYoungGen      total 256512K, used 10922K [0x00000000e0000000, 0x00000000f3a00000, 0x0000000100000000)
  eden space 237568K, 0% used [0x00000000e0000000,0x00000000e0000000,0x00000000ee800000)
  from space 18944K, 57% used [0x00000000efa00000,0x00000000f04aab80,0x00000000f0c80000)
  to   space 18432K, 0% used [0x00000000ee800000,0x00000000ee800000,0x00000000efa00000)
 ParOldGen       total 57856K, used 32134K [0x00000000a0000000, 0x00000000a3880000, 0x00000000e0000000)
  object space 57856K, 55% used [0x00000000a0000000,0x00000000a1f618c0,0x00000000a3880000)
 Metaspace       used 57598K, capacity 59050K, committed 59136K, reserved 1099776K
  class space    used 7514K, capacity 7872K, committed 7936K, reserved 1048576K
Event: 59.308 GC heap after
Heap after GC invocations=15 (full 3):
 PSYoungGen      total 256512K, used 0K [0x00000000e0000000, 0x00000000f3a00000, 0x0000000100000000)
  eden space 237568K, 0% used [0x00000000e0000000,0x00000000e0000000,0x00000000ee800000)
  from space 18944K, 0% used [0x00000000efa00000,0x00000000efa00000,0x00000000f0c80000)
  to   space 18432K, 0% used [0x00000000ee800000,0x00000000ee800000,0x00000000efa00000)
 ParOldGen       total 79360K, used 33770K [0x00000000a0000000, 0x00000000a4d80000, 0x00000000e0000000)
  object space 79360K, 42% used [0x00000000a0000000,0x00000000a20faa38,0x00000000a4d80000)
 Metaspace       used 57598K, capacity 59050K, committed 59136K, reserved 1099776K
  class space    used 7514K, capacity 7872K, committed 7936K, reserved 1048576K
}
Event: 67.606 GC heap before
{Heap before GC invocations=16 (full 3):
 PSYoungGen      total 256512K, used 237568K [0x00000000e0000000, 0x00000000f3a00000, 0x0000000100000000)
  eden space 237568K, 100% used [0x00000000e0000000,0x00000000ee800000,0x00000000ee800000)
  from space 18944K, 0% used [0x00000000efa00000,0x00000000efa00000,0x00000000f0c80000)
  to   space 18432K, 0% used [0x00000000ee800000,0x00000000ee800000,0x00000000efa00000)
 ParOldGen       total 79360K, used 33770K [0x00000000a0000000, 0x00000000a4d80000, 0x00000000e0000000)
  object space 79360K, 42% used [0x00000000a0000000,0x00000000a20faa38,0x00000000a4d80000)
 Metaspace       used 61678K, capacity 63250K, committed 63360K, reserved 1103872K
  class space    used 7937K, capacity 8292K, committed 8320K, reserved 1048576K

Deoptimization events (10 events):
Event: 64.165 Thread 0x00007f2b44081800 Uncommon trap: reason=class_check action=maybe_recompile pc=0x00007f2b4979e140 method=java.util.concurrent.ConcurrentHashMap.putVal(Ljava/lang/Object;Ljava/lang/Object;Z)Ljava/lang/Object; @ 192
Event: 64.166 Thread 0x00007f2b44083000 Uncommon trap: reason=class_check action=maybe_recompile pc=0x00007f2b4979e140 method=java.util.concurrent.ConcurrentHashMap.putVal(Ljava/lang/Object;Ljava/lang/Object;Z)Ljava/lang/Object; @ 192
Event: 64.166 Thread 0x00007f2b3c039800 Uncommon trap: reason=class_check action=maybe_recompile pc=0x00007f2b4979e140 method=java.util.concurrent.ConcurrentHashMap.putVal(Ljava/lang/Object;Ljava/lang/Object;Z)Ljava/lang/Object; @ 192
Event: 64.169 Thread 0x00007f2b58b04800 Uncommon trap: reason=class_check action=maybe_recompile pc=0x00007f2b4979e140 method=java.util.concurrent.ConcurrentHashMap.putVal(Ljava/lang/Object;Ljava/lang/Object;Z)Ljava/lang/Object; @ 192
Event: 64.169 Thread 0x00007f2b58ade800 Uncommon trap: reason=class_check action=maybe_recompile pc=0x00007f2b4979e140 method=java.util.concurrent.ConcurrentHashMap.putVal(Ljava/lang/Object;Ljava/lang/Object;Z)Ljava/lang/Object; @ 192
Event: 64.177 Thread 0x00007f2b58b02000 Uncommon trap: reason=class_check action=maybe_recompile pc=0x00007f2b4979e140 method=java.util.concurrent.ConcurrentHashMap.putVal(Ljava/lang/Object;Ljava/lang/Object;Z)Ljava/lang/Object; @ 192
Event: 64.177 Thread 0x00007f2b58b05800 Uncommon trap: reason=class_check action=maybe_recompile pc=0x00007f2b4979e140 method=java.util.concurrent.ConcurrentHashMap.putVal(Ljava/lang/Object;Ljava/lang/Object;Z)Ljava/lang/Object; @ 192
Event: 64.181 Thread 0x00007f2b44078800 Uncommon trap: reason=class_check action=maybe_recompile pc=0x00007f2b4979e140 method=java.util.concurrent.ConcurrentHashMap.putVal(Ljava/lang/Object;Ljava/lang/Object;Z)Ljava/lang/Object; @ 192
Event: 66.173 Thread 0x00007f2b3c039800 Uncommon trap: reason=unloaded action=reinterpret pc=0x00007f2b4a8765ac method=com.android.dx.cf.cst.ConstantPoolParser.parse0(ILjava/util/BitSet;)Lcom/android/dx/rop/cst/Constant; @ 176
Event: 66.748 Thread 0x00007f2b58b04800 Uncommon trap: reason=unstable_if action=reinterpret pc=0x00007f2b4a6d66c8 method=java.util.concurrent.ConcurrentHashMap.addCount(JI)V @ 34

Internal exceptions (10 events):
Event: 41.109 Thread 0x00007f2b1000d000 Exception <a 'java/lang/ClassNotFoundException': org/gradle/model/internal/core/ModelMapGroovyViewBeanInfo> (0x00000000e2e534c0) thrown at [/ssd/Android/AOSP-openjdk/external/jetbrains/jdk/hotspot/src/share/vm/classfile/systemDictionary.cpp, line 210]
Event: 41.110 Thread 0x00007f2b1000d000 Exception <a 'java/lang/ClassNotFoundException': org/gradle/model/internal/core/ModelMapGroovyViewCustomizer> (0x00000000e2e63870) thrown at [/ssd/Android/AOSP-openjdk/external/jetbrains/jdk/hotspot/src/share/vm/classfile/systemDictionary.cpp, line 210]
Event: 41.113 Thread 0x00007f2b1000d000 Exception <a 'java/lang/ClassNotFoundException': org/gradle/model/internal/core/NodeBackedModelMapCustomizer> (0x00000000e2e87250) thrown at [/ssd/Android/AOSP-openjdk/external/jetbrains/jdk/hotspot/src/share/vm/classfile/systemDictionary.cpp, line 210]
Event: 41.125 Thread 0x00007f2b1000d000 Exception <a 'java/lang/ClassNotFoundException': org/gradle/platform/base/BinaryContainer_ImplCustomizer> (0x00000000e2ee4180) thrown at [/ssd/Android/AOSP-openjdk/external/jetbrains/jdk/hotspot/src/share/vm/classfile/systemDictionary.cpp, line 210]
Event: 41.780 Thread 0x00007f2b1000d000 Exception <a 'java/lang/NoSuchMethodError': <clinit>> (0x00000000e3444940) thrown at [/ssd/Android/AOSP-openjdk/external/jetbrains/jdk/hotspot/src/share/vm/prims/jni.cpp, line 1591]
Event: 41.781 Thread 0x00007f2b1000d000 Exception <a 'java/lang/NoSuchMethodError': <clinit>> (0x00000000e3451928) thrown at [/ssd/Android/AOSP-openjdk/external/jetbrains/jdk/hotspot/src/share/vm/prims/jni.cpp, line 1591]
Event: 41.905 Thread 0x00007f2b1000d000 Exception <a 'java/lang/NoSuchMethodError': <clinit>> (0x00000000e365a908) thrown at [/ssd/Android/AOSP-openjdk/external/jetbrains/jdk/hotspot/src/share/vm/prims/jni.cpp, line 1591]
Event: 41.911 Thread 0x00007f2b1000d000 Exception <a 'java/lang/NoSuchMethodError': <clinit>> (0x00000000e3673118) thrown at [/ssd/Android/AOSP-openjdk/external/jetbrains/jdk/hotspot/src/share/vm/prims/jni.cpp, line 1591]
Event: 41.911 Thread 0x00007f2b1000d000 Exception <a 'java/lang/NoSuchMethodError': <clinit>> (0x00000000e3674630) thrown at [/ssd/Android/AOSP-openjdk/external/jetbrains/jdk/hotspot/src/share/vm/prims/jni.cpp, line 1591]
Event: 59.516 Thread 0x00007f2b1000d000 Exception <a 'java/lang/NoSuchMethodError': <clinit>> (0x00000000e0451a30) thrown at [/ssd/Android/AOSP-openjdk/external/jetbrains/jdk/hotspot/src/share/vm/prims/jni.cpp, line 1591]

Events (10 events):
Event: 67.055 Executing VM operation: Deoptimize done
Event: 67.150 loading class com/android/dx/util/ListIntSet$1
Event: 67.150 loading class com/android/dx/util/ListIntSet$1 done
Event: 67.320 loading class org/gradle/launcher/daemon/server/DaemonExpirationResult
Event: 67.320 loading class org/gradle/launcher/daemon/server/DaemonExpirationResult done
Event: 67.412 loading class com/android/dx/cf/attrib/AttSignature
Event: 67.412 loading class com/android/dx/cf/attrib/AttSignature done
Event: 67.592 loading class org/gradle/cache/internal/SimpleStateCache$1
Event: 67.592 loading class org/gradle/cache/internal/SimpleStateCache$1 done
Event: 67.596 Executing VM operation: ParallelGCFailedAllocation


Dynamic libraries:
00400000-00401000 r-xp 00000000 00:2b 8390326                            /home/brendan/.local/share/umake/android/android-studio/jre/bin/java
00600000-00601000 r--p 00000000 00:2b 8390326                            /home/brendan/.local/share/umake/android/android-studio/jre/bin/java
00601000-00602000 rw-p 00001000 00:2b 8390326                            /home/brendan/.local/share/umake/android/android-studio/jre/bin/java
023cb000-023ec000 rw-p 00000000 00:00 0                                  [heap]
a0000000-a4d80000 rw-p 00000000 00:00 0 
a4d80000-e0000000 ---p 00000000 00:00 0 
e0000000-f3a00000 rw-p 00000000 00:00 0 
f9e00000-100000000 ---p 00000000 00:00 0 
100000000-100820000 rw-p 00000000 00:00 0 
100820000-140000000 ---p 00000000 00:00 0 
7f2b04000000-7f2b0535d000 rw-p 00000000 00:00 0 
7f2b0535d000-7f2b08000000 ---p 00000000 00:00 0 
7f2b095d3000-7f2b095d6000 ---p 00000000 00:00 0 
7f2b095d6000-7f2b096d4000 rw-p 00000000 00:00 0 
7f2b096d4000-7f2b096d7000 ---p 00000000 00:00 0 
7f2b096d7000-7f2b097d5000 rw-p 00000000 00:00 0 
7f2b097d5000-7f2b097d8000 ---p 00000000 00:00 0 
7f2b097d8000-7f2b098d6000 rw-p 00000000 00:00 0 
7f2b098d6000-7f2b098d9000 ---p 00000000 00:00 0 
7f2b098d9000-7f2b099d7000 rw-p 00000000 00:00 0 
7f2b099d7000-7f2b099da000 ---p 00000000 00:00 0 
7f2b099da000-7f2b09ad8000 rw-p 00000000 00:00 0 
7f2b09ad8000-7f2b09adb000 ---p 00000000 00:00 0 
7f2b09adb000-7f2b09bd9000 rw-p 00000000 00:00 0 
7f2b09bd9000-7f2b09bdc000 ---p 00000000 00:00 0 
7f2b09bdc000-7f2b09cda000 rw-p 00000000 00:00 0 
7f2b09cda000-7f2b09cdd000 ---p 00000000 00:00 0 
7f2b09cdd000-7f2b09ddb000 rw-p 00000000 00:00 0 
7f2b09ddb000-7f2b09dde000 ---p 00000000 00:00 0 
7f2b09dde000-7f2b0a09c000 rw-p 00000000 00:00 0 
7f2b0a09c000-7f2b0a0dc000 ---p 00000000 00:00 0 
7f2b0a0dc000-7f2b0a2dc000 rw-p 00000000 00:00 0 
7f2b0a2dc000-7f2b0a4dc000 rw-p 00000000 00:00 0 
7f2b0a4fb000-7f2b0a6fb000 rw-p 00000000 00:00 0 
7f2b0a6fb000-7f2b0a8fb000 rw-p 00000000 00:00 0 
7f2b0a8fb000-7f2b0a8fe000 ---p 00000000 00:00 0 
7f2b0a8fe000-7f2b0a9fc000 rw-p 00000000 00:00 0 
7f2b0a9fc000-7f2b0a9ff000 ---p 00000000 00:00 0 
7f2b0a9ff000-7f2b0aafd000 rw-p 00000000 00:00 0 
7f2b0aafd000-7f2b0ab00000 ---p 00000000 00:00 0 
7f2b0ab00000-7f2b0abfe000 rw-p 00000000 00:00 0 
7f2b0abfe000-7f2b0ac01000 ---p 00000000 00:00 0 
7f2b0ac01000-7f2b0acff000 rw-p 00000000 00:00 0 
7f2b0acff000-7f2b0ad02000 ---p 00000000 00:00 0 
7f2b0ad02000-7f2b0b000000 rw-p 00000000 00:00 0 
7f2b0b000000-7f2b0b200000 rw-p 00000000 00:00 0 
7f2b0b200000-7f2b0b400000 rw-p 00000000 00:00 0 
7f2b0b400000-7f2b0b600000 rw-p 00000000 00:00 0 
7f2b0b600000-7f2b0b800000 rw-p 00000000 00:00 0 
7f2b0b800000-7f2b0ba00000 rw-p 00000000 00:00 0 
7f2b0ba00000-7f2b0bc00000 rw-p 00000000 00:00 0 
7f2b0bc00000-7f2b0be00000 rw-p 00000000 00:00 0 
7f2b0be00000-7f2b0c000000 rw-p 00000000 00:00 0 
7f2b0c000000-7f2b0c021000 rw-p 00000000 00:00 0 
7f2b0c021000-7f2b10000000 ---p 00000000 00:00 0 
7f2b10000000-7f2b10021000 rw-p 00000000 00:00 0 
7f2b10021000-7f2b14000000 ---p 00000000 00:00 0 
7f2b14000000-7f2b14021000 rw-p 00000000 00:00 0 
7f2b14021000-7f2b18000000 ---p 00000000 00:00 0 
7f2b18000000-7f2b1806f000 rw-p 00000000 00:00 0 
7f2b1806f000-7f2b1c000000 ---p 00000000 00:00 0 
7f2b1c000000-7f2b1cb3d000 rw-p 00000000 00:00 0 
7f2b1cb3d000-7f2b20000000 ---p 00000000 00:00 0 
7f2b20000000-7f2b20021000 rw-p 00000000 00:00 0 
7f2b20021000-7f2b24000000 ---p 00000000 00:00 0 
7f2b24000000-7f2b24021000 rw-p 00000000 00:00 0 
7f2b24021000-7f2b28000000 ---p 00000000 00:00 0 
7f2b28000000-7f2b2979c000 rw-p 00000000 00:00 0 
7f2b2979c000-7f2b2c000000 ---p 00000000 00:00 0 
7f2b2c000000-7f2b2c021000 rw-p 00000000 00:00 0 
7f2b2c021000-7f2b30000000 ---p 00000000 00:00 0 
7f2b30000000-7f2b30021000 rw-p 00000000 00:00 0 
7f2b30021000-7f2b34000000 ---p 00000000 00:00 0 
7f2b34000000-7f2b342f7000 rw-p 00000000 00:00 0 
7f2b342f7000-7f2b38000000 ---p 00000000 00:00 0 
7f2b3802a000-7f2b3802d000 ---p 00000000 00:00 0 
7f2b3802d000-7f2b3812b000 rw-p 00000000 00:00 0 
7f2b3812b000-7f2b3813e000 r--s 00344000 00:2b 8390401                    /home/brendan/.local/share/umake/android/android-studio/jre/jre/lib/resources.jar
7f2b3813e000-7f2b3833e000 rw-p 00000000 00:00 0 
7f2b3833e000-7f2b38369000 r--s 001fc000 00:2b 8530143                    /home/brendan/.local/share/umake/android/android-studio/gradle/m2repository/com/google/guava/guava/18.0/guava-18.0.jar
7f2b38369000-7f2b3836a000 r--s 00001000 00:2b 9581990                    /home/brendan/.local/share/umake/android/android-studio/gradle/m2repository/com/android/tools/annotations/25.2.2/annotations-25.2.2.jar
7f2b3836a000-7f2b3837c000 r--s 000b3000 00:2b 10367403                   /home/brendan/.local/share/umake/android/android-studio/gradle/m2repository/com/android/tools/external/com-intellij/uast/145.597.3/uast-145.597.3.jar
7f2b3837c000-7f2b38384000 r--s 000a8000 00:2b 8390420                    /home/brendan/.local/share/umake/android/android-studio/gradle/m2repository/com/android/tools/external/lombok/lombok-ast/0.2.3/lombok-ast-0.2.3.jar
7f2b38384000-7f2b38386000 r--s 0000d000 00:2b 8390520                    /home/brendan/.local/share/umake/android/android-studio/gradle/m2repository/commons-codec/commons-codec/1.4/commons-codec-1.4.jar
7f2b38386000-7f2b38388000 r--s 0000d000 00:2b 8389987                    /home/brendan/.local/share/umake/android/android-studio/gradle/m2repository/commons-logging/commons-logging/1.1.1/commons-logging-1.1.1.jar
7f2b38388000-7f2b3838d000 r--s 00028000 00:2b 8390163                    /home/brendan/.local/share/umake/android/android-studio/gradle/m2repository/org/apache/httpcomponents/httpcore/4.1/httpcore-4.1.jar
7f2b3838d000-7f2b38391000 r--s 0002f000 00:2b 9449168                    /home/brendan/.local/share/umake/android/android-studio/gradle/m2repository/com/google/jimfs/jimfs/1.1/jimfs-1.1.jar
7f2b38391000-7f2b38392000 r--s 00004000 00:2b 8390239                    /home/brendan/.local/share/umake/android/android-studio/gradle/m2repository/com/intellij/annotations/12.0/annotations-12.0.jar
7f2b38392000-7f2b38393000 r--s 00004000 00:2b 8394543                    /home/brendan/.local/share/umake/android/android-studio/gradle/m2repository/org/ow2/asm/asm-analysis/5.0.4/asm-analysis-5.0.4.jar
7f2b38393000-7f2b38397000 r--s 0003b000 00:2b 12063410                   /home/brendan/.local/share/umake/android/android-studio/gradle/m2repository/com/android/tools/lint/lint-api/25.2.2/lint-api-25.2.2.jar
7f2b38397000-7f2b38398000 r--s 0000a000 00:2b 8390482                    /home/brendan/.local/share/umake/android/android-studio/gradle/m2repository/net/sf/kxml/kxml2/2.3.0/kxml2-2.3.0.jar
7f2b38398000-7f2b3839a000 r--s 00005000 00:2b 8390154                    /home/brendan/.local/share/umake/android/android-studio/gradle/m2repository/org/apache/httpcomponents/httpmime/4.1/httpmime-4.1.jar
7f2b3839a000-7f2b383a2000 r--s 0004e000 00:2b 8390174                    /home/brendan/.local/share/umake/android/android-studio/gradle/m2repository/org/apache/httpcomponents/httpclient/4.1.1/httpclient-4.1.1.jar
7f2b383a2000-7f2b383a9000 r--s 00053000 00:2b 8390186                    /home/brendan/.local/share/umake/android/android-studio/gradle/m2repository/org/apache/commons/commons-compress/1.8.1/commons-compress-1.8.1.jar
7f2b383a9000-7f2b383ae000 r--s 0002a000 00:2b 8390272                    /home/brendan/.local/share/umake/android/android-studio/gradle/m2repository/com/google/code/gson/gson/2.2.4/gson-2.2.4.jar
7f2b383ae000-7f2b383b3000 r--s 0002d000 00:2b 11282148                   /home/brendan/.local/share/umake/android/android-studio/gradle/m2repository/com/android/tools/repository/25.2.2/repository-25.2.2.jar
7f2b383b3000-7f2b383b4000 r--s 00005000 00:2b 11172948                   /home/brendan/.local/share/umake/android/android-studio/gradle/m2repository/com/android/tools/dvlib/25.2.2/dvlib-25.2.2.jar
7f2b383b4000-7f2b383b7000 r--s 00014000 00:2b 10766771                   /home/brendan/.local/share/umake/android/android-studio/gradle/m2repository/com/android/tools/layoutlib/layoutlib-api/25.2.2/layoutlib-api-25.2.2.jar
7f2b383b7000-7f2b383bc000 r--s 00058000 00:2b 8390009                    /home/brendan/.local/share/umake/android/android-studio/gradle/m2repository/org/ow2/asm/asm-debug-all/5.0.1/asm-debug-all-5.0.1.jar
7f2b383bc000-7f2b383cc000 r--s 000d6000 00:2b 8390494                    /home/brendan/.local/share/umake/android/android-studio/gradle/m2repository/net/sf/proguard/proguard-base/5.2.1/proguard-base-5.2.1.jar
7f2b383cc000-7f2b383cf000 r--s 00033000 00:2b 8390246                    /home/brendan/.local/share/umake/android/android-studio/gradle/m2repository/com/googlecode/juniversalchardet/juniversalchardet/1.0.3/juniversalchardet-1.0.3.jar
7f2b383cf000-7f2b383e6000 r--s 00154000 00:2b 8394572                    /home/brendan/.local/share/umake/android/android-studio/gradle/m2repository/org/antlr/antlr4/4.5.3/antlr4-4.5.3.jar
7f2b383e6000-7f2b383f9000 r--s 00236000 00:2b 8394564                    /home/brendan/.local/share/umake/android/android-studio/gradle/m2repository/org/eclipse/jdt/core/compiler/ecj/4.5.1/ecj-4.5.1.jar
7f2b383f9000-7f2b38400000 r--s 000c3000 00:2b 11806993                   /home/brendan/.local/share/umake/android/android-studio/gradle/m2repository/com/android/tools/lint/lint-checks/25.2.2/lint-checks-25.2.2.jar
7f2b38400000-7f2b38600000 rw-p 00000000 00:00 0 
7f2b38600000-7f2b38800000 rw-p 00000000 00:00 0 
7f2b38800000-7f2b3c000000 rw-p 00000000 00:00 0 
7f2b3c000000-7f2b3c048000 rw-p 00000000 00:00 0 
7f2b3c048000-7f2b40000000 ---p 00000000 00:00 0 
7f2b40000000-7f2b40004000 r--s 0002a000 00:2b 8129227                    /home/brendan/.local/share/umake/android/android-studio/gradle/m2repository/commons-io/commons-io/2.4/commons-io-2.4.jar
7f2b40004000-7f2b40005000 r--s 00002000 00:2b 8398640                    /home/brendan/.local/share/umake/android/android-studio/gradle/m2repository/com/android/databinding/baseLibrary/2.2.2/baseLibrary-2.2.2.jar
7f2b40005000-7f2b40007000 r--s 00006000 00:2b 8394546                    /home/brendan/.local/share/umake/android/android-studio/gradle/m2repository/org/ow2/asm/asm-tree/5.0.4/asm-tree-5.0.4.jar
7f2b40007000-7f2b4003a000 r--s 00203000 00:2b 8390121                    /home/brendan/.local/share/umake/android/android-studio/gradle/m2repository/org/bouncycastle/bcprov-jdk15on/1.48/bcprov-jdk15on-1.48.jar
7f2b4003a000-7f2b40048000 r--s 00081000 00:2b 8390126                    /home/brendan/.local/share/umake/android/android-studio/gradle/m2repository/org/bouncycastle/bcpkix-jdk15on/1.48/bcpkix-jdk15on-1.48.jar
7f2b40048000-7f2b4004a000 r--s 00002000 00:2b 8390254                    /home/brendan/.local/share/umake/android/android-studio/gradle/m2repository/com/squareup/javawriter/2.5.0/javawriter-2.5.0.jar
7f2b4004a000-7f2b4004b000 r--s 00002000 00:2b 11413147                   /home/brendan/.local/share/umake/android/android-studio/gradle/m2repository/com/android/tools/analytics-library/tracker/25.2.2/tracker-25.2.2.jar
7f2b4004b000-7f2b4004d000 r--s 00003000 00:2b 11683417                   /home/brendan/.local/share/umake/android/android-studio/gradle/m2repository/com/android/tools/analytics-library/shared/25.2.2/shared-25.2.2.jar
7f2b4004d000-7f2b4005a000 r--s 000ed000 00:2b 11550641                   /home/brendan/.local/share/umake/android/android-studio/gradle/m2repository/com/android/tools/analytics-library/protos/25.2.2/protos-25.2.2.jar
7f2b4005a000-7f2b4005b000 r--s 00001000 00:2b 8390381                    /home/brendan/.local/share/umake/android/android-studio/gradle/m2repository/com/android/tools/jill/jill-api/0.10.0/jill-api-0.10.0.jar
7f2b4005b000-7f2b4005d000 r--s 00003000 00:2b 10639017                   /home/brendan/.local/share/umake/android/android-studio/gradle/m2repository/com/android/tools/jack/jack-api/0.11.0/jack-api-0.11.0.jar
7f2b4005d000-7f2b40062000 r--s 0004a000 00:2b 11022876                   /home/brendan/.local/share/umake/android/android-studio/gradle/m2repository/com/android/tools/ddms/ddmlib/25.2.2/ddmlib-25.2.2.jar
7f2b40062000-7f2b40065000 r--s 00021000 00:2b 10237604                   /home/brendan/.local/share/umake/android/android-studio/gradle/m2repository/com/android/tools/build/manifest-merger/25.2.2/manifest-merger-25.2.2.jar
7f2b40065000-7f2b40067000 r--s 0001c000 00:2b 12457834                   /home/brendan/.local/share/umake/android/android-studio/gradle/m2repository/com/android/tools/common/25.2.2/common-25.2.2.jar
7f2b40067000-7f2b40070000 r--s 00083000 00:2b 10890945                   /home/brendan/.local/share/umake/android/android-studio/gradle/m2repository/com/android/tools/sdk-common/25.2.2/sdk-common-25.2.2.jar
7f2b40070000-7f2b4007b000 r--s 0008e000 00:2b 12195416                   /home/brendan/.local/share/umake/android/android-studio/gradle/m2repository/com/android/tools/sdklib/25.2.2/sdklib-25.2.2.jar
7f2b4007b000-7f2b4007c000 r--s 00002000 00:2b 9981336                    /home/brendan/.local/share/umake/android/android-studio/gradle/m2repository/com/android/tools/build/builder-test-api/2.2.2/builder-test-api-2.2.2.jar
7f2b4007c000-7f2b4007f000 r--s 00005000 00:2b 10498587                   /home/brendan/.local/share/umake/android/android-studio/gradle/m2repository/com/android/tools/build/builder-model/2.2.2/builder-model-2.2.2.jar
7f2b4007f000-7f2b40087000 r--s 0007b000 00:2b 8530153                    /home/brendan/.local/share/umake/android/android-studio/gradle/m2repository/com/google/protobuf/protobuf-java/2.5.0/protobuf-java-2.5.0.jar
7f2b40087000-7f2b40089000 r--s 0000f000 00:2b 10639032                   /home/brendan/.local/share/umake/android/android-studio/gradle/m2repository/net/sf/jopt-simple/jopt-simple/4.9/jopt-simple-4.9.jar
7f2b40089000-7f2b4008d000 r--s 0001f000 00:2b 8530138                    /home/brendan/.local/share/umake/android/android-studio/gradle/m2repository/org/jacoco/org.jacoco.report/0.7.5.201505241946/org.jacoco.report-0.7.5.201505241946.jar
7f2b4008d000-7f2b40091000 r--s 0001d000 00:2b 8394576                    /home/brendan/.local/share/umake/android/android-studio/gradle/m2repository/org/jacoco/org.jacoco.core/0.7.5.201505241946/org.jacoco.core-0.7.5.201505241946.jar
7f2b40091000-7f2b40092000 r--s 00002000 00:2b 8390510                    /home/brendan/.local/share/umake/android/android-studio/gradle/m2repository/net/sf/proguard/proguard-gradle/5.2.1/proguard-gradle-5.2.1.jar
7f2b40092000-7f2b40094000 r--s 00009000 00:2b 8394549                    /home/brendan/.local/share/umake/android/android-studio/gradle/m2repository/org/ow2/asm/asm-commons/5.0.4/asm-commons-5.0.4.jar
7f2b40094000-7f2b40096000 r--s 0000c000 00:2b 8394561                    /home/brendan/.local/share/umake/android/android-studio/gradle/m2repository/org/ow2/asm/asm/5.0.4/asm-5.0.4.jar
7f2b40096000-7f2b4009a000 r--s 0002b000 00:2b 9450252                    /home/brendan/.local/share/umake/android/android-studio/gradle/m2repository/com/android/databinding/compilerCommon/2.2.2/compilerCommon-2.2.2.jar
7f2b4009a000-7f2b4009b000 r--s 00002000 00:2b 10110993                   /home/brendan/.local/share/umake/android/android-studio/gradle/m2repository/com/android/tools/build/gradle-api/2.2.2/gradle-api-2.2.2.jar
7f2b4009b000-7f2b4009c000 r--s 00000000 00:2b 8390350                    /home/brendan/.local/share/umake/android/android-studio/gradle/m2repository/com/android/tools/build/transform-api/2.0.0-deprecated-use-gradle-api/transform-api-2.0.0-deprecated-use-gradle-api.jar
7f2b4009c000-7f2b400a1000 r--s 00053000 00:2b 11943296                   /home/brendan/.local/share/umake/android/android-studio/gradle/m2repository/com/android/tools/lint/lint/25.2.2/lint-25.2.2.jar
7f2b400a1000-7f2b400b8000 r--s 0015d000 00:2b 9849198                    /home/brendan/.local/share/umake/android/android-studio/gradle/m2repository/com/android/tools/build/builder/2.2.2/builder-2.2.2.jar
7f2b400b8000-7f2b400d4000 r--s 0019d000 00:2b 10368915                   /home/brendan/.local/share/umake/android/android-studio/gradle/m2repository/com/android/tools/build/gradle-core/2.2.2/gradle-core-2.2.2.jar
7f2b400d4000-7f2b400d6000 r--s 0000d000 00:2b 10642091                   /home/brendan/.local/share/umake/android/android-studio/gradle/m2repository/com/android/tools/build/gradle/2.2.2/gradle-2.2.2.jar
7f2b400d6000-7f2b400d9000 ---p 00000000 00:00 0 
7f2b400d9000-7f2b401d7000 rw-p 00000000 00:00 0 
7f2b401d7000-7f2b401da000 ---p 00000000 00:00 0 
7f2b401da000-7f2b40210000 rw-p 00000000 00:00 0 
7f2b40210000-7f2b40211000 r--p 00000000 00:00 0 
7f2b40211000-7f2b40411000 rw-p 00000000 00:00 0 
7f2b40411000-7f2b40611000 rw-p 00000000 00:00 0 
7f2b40611000-7f2b40811000 rw-p 00000000 00:00 0 
7f2b40811000-7f2b40a11000 rw-p 00000000 00:00 0 
7f2b40a11000-7f2b40c11000 rw-p 00000000 00:00 0 
7f2b40c11000-7f2b40c89000 r--s 010eb000 00:2b 8388684                    /home/brendan/.local/share/umake/android/android-studio/jre/lib/tools.jar
7f2b40c89000-7f2b40c8c000 ---p 00000000 00:00 0 
7f2b40c8c000-7f2b40d8a000 rw-p 00000000 00:00 0 
7f2b40d8a000-7f2b40d8d000 ---p 00000000 00:00 0 
7f2b40d8d000-7f2b40e8b000 rw-p 00000000 00:00 0 
7f2b40e8b000-7f2b40e8e000 ---p 00000000 00:00 0 
7f2b40e8e000-7f2b40f8c000 rw-p 00000000 00:00 0 
7f2b40f8c000-7f2b40f8f000 ---p 00000000 00:00 0 
7f2b40f8f000-7f2b4108d000 rw-p 00000000 00:00 0 
7f2b4108d000-7f2b41090000 ---p 00000000 00:00 0 
7f2b41090000-7f2b4118e000 rw-p 00000000 00:00 0 
7f2b4118e000-7f2b41191000 ---p 00000000 00:00 0 
7f2b41191000-7f2b4128f000 rw-p 00000000 00:00 0 
7f2b4128f000-7f2b41292000 ---p 00000000 00:00 0 
7f2b41292000-7f2b41590000 rw-p 00000000 00:00 0 
7f2b41590000-7f2b41597000 r--s 00000000 08:05 3157288                    /usr/lib/x86_64-linux-gnu/gconv/gconv-modules.cache
7f2b41597000-7f2b4159a000 ---p 00000000 00:00 0 
7f2b4159a000-7f2b41698000 rw-p 00000000 00:00 0 
7f2b41698000-7f2b416a1000 r-xp 00000000 00:2b 8394485                    /home/brendan/.local/share/umake/android/android-studio/jre/jre/lib/amd64/libmanagement.so
7f2b416a1000-7f2b418a0000 ---p 00009000 00:2b 8394485                    /home/brendan/.local/share/umake/android/android-studio/jre/jre/lib/amd64/libmanagement.so
7f2b418a0000-7f2b418a1000 r--p 00008000 00:2b 8394485                    /home/brendan/.local/share/umake/android/android-studio/jre/jre/lib/amd64/libmanagement.so
7f2b418a1000-7f2b418a2000 rw-p 00009000 00:2b 8394485                    /home/brendan/.local/share/umake/android/android-studio/jre/jre/lib/amd64/libmanagement.so
7f2b418a2000-7f2b418a6000 r--s 00097000 00:2b 8394459                    /home/brendan/.local/share/umake/android/android-studio/jre/jre/lib/jsse.jar
7f2b418a6000-7f2b418a8000 r--s 00007000 00:2b 7998074                    /home/brendan/.local/share/umake/android/android-studio/gradle/gradle-2.14.1/lib/plugins/gradle-tooling-api-builders-2.14.1.jar
7f2b418a8000-7f2b418ab000 r--s 00008000 00:2b 7998068                    /home/brendan/.local/share/umake/android/android-studio/gradle/gradle-2.14.1/lib/plugins/gradle-testing-native-2.14.1.jar
7f2b418ab000-7f2b418ad000 r--s 00009000 00:2b 7998149                    /home/brendan/.local/share/umake/android/android-studio/gradle/gradle-2.14.1/lib/plugins/hamcrest-core-1.3.jar
7f2b418ad000-7f2b418b3000 r--s 00033000 00:2b 7998079                    /home/brendan/.local/share/umake/android/android-studio/gradle/gradle-2.14.1/lib/plugins/snakeyaml-1.6.jar
7f2b418b3000-7f2b418b5000 r--s 00006000 00:2b 7998100                    /home/brendan/.local/share/umake/android/android-studio/gradle/gradle-2.14.1/lib/plugins/jcommander-1.12.jar
7f2b418b5000-7f2b418ba000 r--s 00040000 00:2b 7998077                    /home/brendan/.local/share/umake/android/android-studio/gradle/gradle-2.14.1/lib/plugins/bsh-2.0b4.jar
7f2b418ba000-7f2b418c3000 r--s 00089000 00:2b 7998103                    /home/brendan/.local/share/umake/android/android-studio/gradle/gradle-2.14.1/lib/plugins/testng-6.3.1.jar
7f2b418c3000-7f2b418cb000 r--s 00045000 00:2b 7998108                    /home/brendan/.local/share/umake/android/android-studio/gradle/gradle-2.14.1/lib/plugins/junit-4.12.jar
7f2b418cb000-7f2b418d1000 r--s 0002e000 00:2b 7998084                    /home/brendan/.local/share/umake/android/android-studio/gradle/gradle-2.14.1/lib/plugins/gradle-testing-jvm-2.14.1.jar
7f2b418d1000-7f2b418d6000 r--s 00015000 00:2b 7998093                    /home/brendan/.local/share/umake/android/android-studio/gradle/gradle-2.14.1/lib/plugins/gradle-testing-base-2.14.1.jar
7f2b418d6000-7f2b418d7000 r--s 00002000 00:2b 7998106                    /home/brendan/.local/share/umake/android/android-studio/gradle/gradle-2.14.1/lib/plugins/sonar-batch-bootstrapper-2.9.jar
7f2b418d7000-7f2b418da000 r--s 00015000 00:2b 7998083                    /home/brendan/.local/share/umake/android/android-studio/gradle/gradle-2.14.1/lib/plugins/gradle-sonar-2.14.1.jar
7f2b418da000-7f2b418e1000 r--s 00038000 00:2b 7998124                    /home/brendan/.local/share/umake/android/android-studio/gradle/gradle-2.14.1/lib/plugins/bcpg-jdk15on-1.51.jar
7f2b418e1000-7f2b418e3000 r--s 0000d000 00:2b 7998130                    /home/brendan/.local/share/umake/android/android-studio/gradle/gradle-2.14.1/lib/plugins/gradle-signing-2.14.1.jar
7f2b418e3000-7f2b418e6000 r--s 00009000 00:2b 7998113                    /home/brendan/.local/share/umake/android/android-studio/gradle/gradle-2.14.1/lib/plugins/gradle-scala-2.14.1.jar
7f2b418e6000-7f2b418e7000 r--s 00004000 00:2b 7998137                    /home/brendan/.local/share/umake/android/android-studio/gradle/gradle-2.14.1/lib/plugins/gradle-resources-sftp-2.14.1.jar
7f2b418e7000-7f2b418f7000 r--s 00088000 00:2b 7998090                    /home/brendan/.local/share/umake/android/android-studio/gradle/gradle-2.14.1/lib/plugins/joda-time-2.8.2.jar
7f2b418f7000-7f2b41908000 r--s 000cf000 00:2b 7998156                    /home/brendan/.local/share/umake/android/android-studio/gradle/gradle-2.14.1/lib/plugins/jackson-databind-2.3.2.jar
7f2b41908000-7f2b4190a000 r--s 00007000 00:2b 7998119                    /home/brendan/.local/share/umake/android/android-studio/gradle/gradle-2.14.1/lib/plugins/jackson-annotations-2.3.2.jar
7f2b4190a000-7f2b4190d000 r--s 0002e000 00:2b 7998126                    /home/brendan/.local/share/umake/android/android-studio/gradle/gradle-2.14.1/lib/plugins/jackson-core-2.3.2.jar
7f2b4190d000-7f2b41918000 r--s 0006b000 00:2b 7998173                    /home/brendan/.local/share/umake/android/android-studio/gradle/gradle-2.14.1/lib/plugins/aws-java-sdk-core-1.9.19.jar
7f2b41918000-7f2b4191e000 r--s 00036000 00:2b 7998118                    /home/brendan/.local/share/umake/android/android-studio/gradle/gradle-2.14.1/lib/plugins/aws-java-sdk-kms-1.9.19.jar
7f2b4191e000-7f2b41929000 r--s 00079000 00:2b 7998105                    /home/brendan/.local/share/umake/android/android-studio/gradle/gradle-2.14.1/lib/plugins/aws-java-sdk-s3-1.9.19.jar
7f2b41929000-7f2b4192a000 r--s 00003000 00:2b 7998152                    /home/brendan/.local/share/umake/android/android-studio/gradle/gradle-2.14.1/lib/plugins/gradle-resources-s3-2.14.1.jar
7f2b4192a000-7f2b4192c000 r--s 00005000 00:2b 7998147                    /home/brendan/.local/share/umake/android/android-studio/gradle/gradle-2.14.1/lib/plugins/jatl-0.2.2.jar
7f2b4192c000-7f2b4192e000 r--s 0000f000 00:2b 7998164                    /home/brendan/.local/share/umake/android/android-studio/gradle/gradle-2.14.1/lib/plugins/gradle-reporting-2.14.1.jar
7f2b4192e000-7f2b41930000 r--s 00002000 00:2b 7998123                    /home/brendan/.local/share/umake/android/android-studio/gradle/gradle-2.14.1/lib/plugins/gradle-publish-2.14.1.jar
7f2b41930000-7f2b41932000 r--s 00009000 00:2b 7998096                    /home/brendan/.local/share/umake/android/android-studio/gradle/gradle-2.14.1/lib/plugins/commons-cli-1.2.jar
7f2b41932000-7f2b41938000 r--s 00033000 00:2b 7998107                    /home/brendan/.local/share/umake/android/android-studio/gradle/gradle-2.14.1/lib/plugins/gradle-plugins-2.14.1.jar
7f2b41938000-7f2b4193a000 r--s 00007000 00:2b 7998071                    /home/brendan/.local/share/umake/android/android-studio/gradle/gradle-2.14.1/lib/plugins/gradle-plugin-development-2.14.1.jar
7f2b4193a000-7f2b41940000 r--s 0002a000 00:2b 7998129                    /home/brendan/.local/share/umake/android/android-studio/gradle/gradle-2.14.1/lib/plugins/gradle-platform-play-2.14.1.jar
7f2b41940000-7f2b4194d000 r--s 0004d000 00:2b 7998128                    /home/brendan/.local/share/umake/android/android-studio/gradle/gradle-2.14.1/lib/plugins/gradle-platform-native-2.14.1.jar
7f2b4194d000-7f2b41951000 r--s 0001a000 00:2b 7998150                    /home/brendan/.local/share/umake/android/android-studio/gradle/gradle-2.14.1/lib/plugins/gradle-platform-jvm-2.14.1.jar
7f2b41951000-7f2b41958000 r--s 00029000 00:2b 7998099                    /home/brendan/.local/share/umake/android/android-studio/gradle/gradle-2.14.1/lib/plugins/gradle-platform-base-2.14.1.jar
7f2b41958000-7f2b41979000 r--s 001c3000 00:2b 7998075                    /home/brendan/.local/share/umake/android/android-studio/gradle/gradle-2.14.1/lib/plugins/bndlib-2.4.0.jar
7f2b41979000-7f2b4197b000 r--s 00003000 00:2b 7998155                    /home/brendan/.local/share/umake/android/android-studio/gradle/gradle-2.14.1/lib/plugins/gradle-osgi-2.14.1.jar
7f2b4197b000-7f2b4197e000 r--s 0000c000 00:2b 7998159                    /home/brendan/.local/share/umake/android/android-studio/gradle/gradle-2.14.1/lib/plugins/pmaven-groovy-0.8-20100325.jar
7f2b4197e000-7f2b4197f000 r--s 00004000 00:2b 7998145                    /home/brendan/.local/share/umake/android/android-studio/gradle/gradle-2.14.1/lib/plugins/pmaven-common-0.8-20100325.jar
7f2b4197f000-7f2b41985000 r--s 00022000 00:2b 7998098                    /home/brendan/.local/share/umake/android/android-studio/gradle/gradle-2.14.1/lib/plugins/gradle-maven-2.14.1.jar
7f2b41985000-7f2b41987000 r--s 0000a000 00:2b 7998080                    /home/brendan/.local/share/umake/android/android-studio/gradle/gradle-2.14.1/lib/plugins/gradle-language-scala-2.14.1.jar
7f2b41987000-7f2b4198d000 r--s 0001a000 00:2b 7998085                    /home/brendan/.local/share/umake/android/android-studio/gradle/gradle-2.14.1/lib/plugins/gradle-language-native-2.14.1.jar
7f2b4198d000-7f2b4198f000 r--s 00008000 00:2b 7998073                    /home/brendan/.local/share/umake/android/android-studio/gradle/gradle-2.14.1/lib/plugins/gradle-language-jvm-2.14.1.jar
7f2b4198f000-7f2b41995000 r--s 00024000 00:2b 7998146                    /home/brendan/.local/share/umake/android/android-studio/gradle/gradle-2.14.1/lib/plugins/gradle-language-java-2.14.1.jar
7f2b41995000-7f2b41997000 r--s 0000a000 00:2b 7998127                    /home/brendan/.local/share/umake/android/android-studio/gradle/gradle-2.14.1/lib/plugins/gradle-language-groovy-2.14.1.jar
7f2b41997000-7f2b4199a000 r--s 0001e000 00:2b 7998067                    /home/brendan/.local/share/umake/android/android-studio/gradle/gradle-2.14.1/lib/plugins/jsp-api-2.1-6.1.14.jar
7f2b4199a000-7f2b419bd000 r--s 00344000 00:2b 7998120                    /home/brendan/.local/share/umake/android/android-studio/gradle/gradle-2.14.1/lib/plugins/core-3.1.1.jar
7f2b419bd000-7f2b419be000 r--s 00006000 00:2b 7998157                    /home/brendan/.local/share/umake/android/android-studio/gradle/gradle-2.14.1/lib/plugins/jetty-naming-6.1.25.jar
7f2b419be000-7f2b419bf000 r--s 00002000 00:2b 7998115                    /home/brendan/.local/share/umake/android/android-studio/gradle/gradle-2.14.1/lib/plugins/geronimo-annotation_1.0_spec-1.0.jar
7f2b419bf000-7f2b419c1000 r--s 00002000 00:2b 7998153                    /home/brendan/.local/share/umake/android/android-studio/gradle/gradle-2.14.1/lib/plugins/jetty-annotations-6.1.25.jar
7f2b419c1000-7f2b419d2000 r--s 000ea000 00:2b 7998166                    /home/brendan/.local/share/umake/android/android-studio/gradle/gradle-2.14.1/lib/plugins/jsp-2.1-6.1.14.jar
7f2b419d2000-7f2b419d4000 r--s 0000d000 00:2b 7998121                    /home/brendan/.local/share/umake/android/android-studio/gradle/gradle-2.14.1/lib/plugins/jetty-plus-6.1.25.jar
7f2b419d4000-7f2b419d6000 r--s 0001f000 00:2b 7998180                    /home/brendan/.local/share/umake/android/android-studio/gradle/gradle-2.14.1/lib/plugins/servlet-api-2.5-20081211.jar
7f2b419d6000-7f2b419da000 r--s 00028000 00:2b 7998101                    /home/brendan/.local/share/umake/android/android-studio/gradle/gradle-2.14.1/lib/plugins/jetty-util-6.1.25.jar
7f2b419da000-7f2b419e1000 r--s 0007d000 00:2b 7998109                    /home/brendan/.local/share/umake/android/android-studio/gradle/gradle-2.14.1/lib/plugins/jetty-6.1.25.jar
7f2b419e1000-7f2b419e3000 r--s 00009000 00:2b 7998162                    /home/brendan/.local/share/umake/android/android-studio/gradle/gradle-2.14.1/lib/plugins/gradle-jetty-2.14.1.jar
7f2b419e3000-7f2b419ea000 r--s 00035000 00:2b 7998176                    /home/brendan/.local/share/umake/android/android-studio/gradle/gradle-2.14.1/lib/plugins/simple-4.1.21.jar
7f2b419ea000-7f2b419f6000 r--s 00100000 00:2b 7998091                    /home/brendan/.local/share/umake/android/android-studio/gradle/gradle-2.14.1/lib/plugins/rhino-1.7R3.jar
7f2b419f6000-7f2b419fa000 r--s 00011000 00:2b 7998144                    /home/brendan/.local/share/umake/android/android-studio/gradle/gradle-2.14.1/lib/plugins/gradle-javascript-2.14.1.jar
7f2b419fa000-7f2b419fc000 r--s 0000c000 00:2b 7998178                    /home/brendan/.local/share/umake/android/android-studio/gradle/gradle-2.14.1/lib/plugins/gradle-jacoco-2.14.1.jar
7f2b419fc000-7f2b419ff000 r--s 0000e000 00:2b 7998175                    /home/brendan/.local/share/umake/android/android-studio/gradle/gradle-2.14.1/lib/plugins/gradle-ivy-2.14.1.jar
7f2b419ff000-7f2b41a00000 r--s 00002000 00:2b 7998167                    /home/brendan/.local/share/umake/android/android-studio/gradle/gradle-2.14.1/lib/plugins/gradle-ide-play-2.14.1.jar
7f2b41a00000-7f2b41a05000 r--s 0002b000 00:2b 7998163                    /home/brendan/.local/share/umake/android/android-studio/gradle/gradle-2.14.1/lib/plugins/gradle-ide-native-2.14.1.jar
7f2b41a05000-7f2b41a10000 r--s 00066000 00:2b 7998081                    /home/brendan/.local/share/umake/android/android-studio/gradle/gradle-2.14.1/lib/plugins/gradle-ide-2.14.1.jar
7f2b41a10000-7f2b41a11000 r--s 00008000 00:2b 7998078                    /home/brendan/.local/share/umake/android/android-studio/gradle/gradle-2.14.1/lib/plugins/gradle-ear-2.14.1.jar
7f2b41a11000-7f2b41a17000 r--s 00032000 00:2b 7998089                    /home/brendan/.local/share/umake/android/android-studio/gradle/gradle-2.14.1/lib/plugins/gradle-diagnostics-2.14.1.jar
7f2b41a17000-7f2b41a1b000 r--s 00021000 00:2b 7998165                    /home/brendan/.local/share/umake/android/android-studio/gradle/gradle-2.14.1/lib/plugins/gradle-code-quality-2.14.1.jar
7f2b41a1b000-7f2b41a1f000 r--s 0001f000 00:2b 7998088                    /home/brendan/.local/share/umake/android/android-studio/gradle/gradle-2.14.1/lib/plugins/gradle-build-init-2.14.1.jar
7f2b41a1f000-7f2b41a26000 r--s 0008e000 00:2b 7998172                    /home/brendan/.local/share/umake/android/android-studio/gradle/gradle-2.14.1/lib/plugins/gradle-build-comparison-2.14.1.jar
7f2b41a26000-7f2b41a28000 r--s 00008000 00:2b 7998148                    /home/brendan/.local/share/umake/android/android-studio/gradle/gradle-2.14.1/lib/plugins/gradle-antlr-2.14.1.jar
7f2b41a28000-7f2b41a2a000 r--s 00004000 00:2b 7998174                    /home/brendan/.local/share/umake/android/android-studio/gradle/gradle-2.14.1/lib/plugins/gradle-announce-2.14.1.jar
7f2b41a2a000-7f2b41a42000 r--s 00115000 00:2b 7998112                    /home/brendan/.local/share/umake/android/android-studio/gradle/gradle-2.14.1/lib/plugins/xercesImpl-2.9.1.jar
7f2b41a42000-7f2b41a4a000 r--s 00028000 00:2b 7998140                    /home/brendan/.local/share/umake/android/android-studio/gradle/gradle-2.14.1/lib/plugins/xml-apis-1.3.04.jar
7f2b41a4a000-7f2b41a50000 r--s 0005b000 00:2b 7998131                    /home/brendan/.local/share/umake/android/android-studio/gradle/gradle-2.14.1/lib/plugins/jcifs-1.3.17.jar
7f2b41a50000-7f2b41a57000 r--s 00049000 00:2b 7998142                    /home/brendan/.local/share/umake/android/android-studio/gradle/gradle-2.14.1/lib/plugins/httpcore-4.4.4.jar
7f2b41a57000-7f2b41a5d000 r--s 00033000 00:2b 7998087                    /home/brendan/.local/share/umake/android/android-studio/gradle/gradle-2.14.1/lib/plugins/commons-codec-1.6.jar
7f2b41a5d000-7f2b41a60000 r--s 0001c000 00:2b 7998082                    /home/brendan/.local/share/umake/android/android-studio/gradle/gradle-2.14.1/lib/plugins/nekohtml-1.9.14.jar
7f2b41a60000-7f2b41a6d000 r--s 000a4000 00:2b 7998160                    /home/brendan/.local/share/umake/android/android-studio/gradle/gradle-2.14.1/lib/plugins/httpclient-4.4.1.jar
7f2b41a6d000-7f2b41a6f000 r--s 0000a000 00:2b 7998069                    /home/brendan/.local/share/umake/android/android-studio/gradle/gradle-2.14.1/lib/plugins/gradle-resources-http-2.14.1.jar
7f2b41a6f000-7f2b41a73000 r--s 00014000 00:2b 7998134                    /home/brendan/.local/share/umake/android/android-studio/gradle/gradle-2.14.1/lib/plugins/gradle-plugin-use-2.14.1.jar
7f2b41a73000-7f2b41a74000 r--s 00000000 00:2b 7998025                    /home/brendan/.local/share/umake/android/android-studio/gradle/gradle-2.14.1/lib/gradle-installation-beacon-2.14.1.jar
7f2b41a74000-7f2b41a75000 r--s 00007000 00:2b 7998097                    /home/brendan/.local/share/umake/android/android-studio/gradle/gradle-2.14.1/lib/plugins/wagon-http-shared4-2.4.jar
7f2b41a75000-7f2b41a79000 r--s 00033000 00:2b 7998151                    /home/brendan/.local/share/umake/android/android-studio/gradle/gradle-2.14.1/lib/plugins/plexus-utils-2.0.6.jar
7f2b41a79000-7f2b41a7d000 r--s 00021000 00:2b 7998133                    /home/brendan/.local/share/umake/android/android-studio/gradle/gradle-2.14.1/lib/plugins/maven-model-builder-3.0.4.jar
7f2b41a7d000-7f2b41a7e000 r--s 00002000 00:2b 7998086                    /home/brendan/.local/share/umake/android/android-studio/gradle/gradle-2.14.1/lib/plugins/wagon-file-2.4.jar
7f2b41a7e000-7f2b41a80000 r--s 00002000 00:2b 7998143                    /home/brendan/.local/share/umake/android/android-studio/gradle/gradle-2.14.1/lib/plugins/plexus-cipher-1.7.jar
7f2b41a80000-7f2b41a83000 r--s 00013000 00:2b 7998179                    /home/brendan/.local/share/umake/android/android-studio/gradle/gradle-2.14.1/lib/plugins/aether-api-1.13.1.jar
7f2b41a83000-7f2b41a85000 r--s 0000a000 00:2b 7998102                    /home/brendan/.local/share/umake/android/android-studio/gradle/gradle-2.14.1/lib/plugins/maven-settings-3.0.4.jar
7f2b41a85000-7f2b41a87000 r--s 0000d000 00:2b 7998135                    /home/brendan/.local/share/umake/android/android-studio/gradle/gradle-2.14.1/lib/plugins/plexus-interpolation-1.14.jar
7f2b41a87000-7f2b41a89000 r--s 0000b000 00:2b 7998158                    /home/brendan/.local/share/umake/android/android-studio/gradle/gradle-2.14.1/lib/plugins/maven-artifact-3.0.4.jar
7f2b41a89000-7f2b41a90000 r--s 0002e000 00:2b 7998094                    /home/brendan/.local/share/umake/android/android-studio/gradle/gradle-2.14.1/lib/plugins/plexus-container-default-1.5.5.jar
7f2b41a90000-7f2b41a92000 r--s 0000b000 00:2b 7998122                    /home/brendan/.local/share/umake/android/android-studio/gradle/gradle-2.14.1/lib/plugins/maven-plugin-api-3.0.4.jar
7f2b41a92000-7f2b41a94000 r--s 00000000 00:2b 7998125                    /home/brendan/.local/share/umake/android/android-studio/gradle/gradle-2.14.1/lib/plugins/plexus-component-annotations-1.5.5.jar
7f2b41a94000-7f2b41a9a000 r--s 0003f000 00:2b 7998136                    /home/brendan/.local/share/umake/android/android-studio/gradle/gradle-2.14.1/lib/plugins/maven-compat-3.0.4.jar
7f2b41a9a000-7f2b41a9d000 r--s 00008000 00:2b 7998110                    /home/brendan/.local/share/umake/android/android-studio/gradle/gradle-2.14.1/lib/plugins/maven-settings-builder-3.0.4.jar
7f2b41a9d000-7f2b41a9f000 r--s 00026000 00:2b 7998177                    /home/brendan/.local/share/umake/android/android-studio/gradle/gradle-2.14.1/lib/plugins/maven-model-3.0.4.jar
7f2b41a9f000-7f2b41aa1000 r--s 00006000 00:2b 7998154                    /home/brendan/.local/share/umake/android/android-studio/gradle/gradle-2.14.1/lib/plugins/aether-connector-wagon-1.13.1.jar
7f2b41aa1000-7f2b41aa3000 r--s 0000a000 00:2b 7998095                    /home/brendan/.local/share/umake/android/android-studio/gradle/gradle-2.14.1/lib/plugins/plexus-classworlds-2.4.jar
7f2b41aa3000-7f2b41aa5000 r--s 00006000 00:2b 7998138                    /home/brendan/.local/share/umake/android/android-studio/gradle/gradle-2.14.1/lib/plugins/maven-repository-metadata-3.0.4.jar
7f2b41aa5000-7f2b41aa7000 r--s 0000c000 00:2b 7998114                    /home/brendan/.local/share/umake/android/android-studio/gradle/gradle-2.14.1/lib/plugins/maven-aether-provider-3.0.4.jar
7f2b41aa7000-7f2b41aa9000 r--s 0000b000 00:2b 7998104                    /home/brendan/.local/share/umake/android/android-studio/gradle/gradle-2.14.1/lib/plugins/wagon-provider-api-2.4.jar
7f2b41aa9000-7f2b41aad000 r--s 0001c000 00:2b 7998168                    /home/brendan/.local/share/umake/android/android-studio/gradle/gradle-2.14.1/lib/plugins/aether-util-1.13.1.jar
7f2b41aad000-7f2b41ab0000 r--s 0001d000 00:2b 7998132                    /home/brendan/.local/share/umake/android/android-studio/gradle/gradle-2.14.1/lib/plugins/aether-impl-1.13.1.jar
7f2b41ab0000-7f2b41ab5000 r--s 00040000 00:2b 7998072                    /home/brendan/.local/share/umake/android/android-studio/gradle/gradle-2.14.1/lib/plugins/jsch-0.1.53.jar
7f2b41ab5000-7f2b41af5000 r--s 00277000 00:2b 7998076                    /home/brendan/.local/share/umake/android/android-studio/gradle/gradle-2.14.1/lib/plugins/bcprov-jdk15on-1.51.jar
7f2b41af5000-7f2b41af9000 r--s 0001d000 00:2b 7998117                    /home/brendan/.local/share/umake/android/android-studio/gradle/gradle-2.14.1/lib/plugins/xbean-reflect-3.4.jar
7f2b41af9000-7f2b41b05000 r--s 0007d000 00:2b 7998141                    /home/brendan/.local/share/umake/android/android-studio/gradle/gradle-2.14.1/lib/plugins/maven-core-3.0.4.jar
7f2b41b05000-7f2b41b14000 r--s 000d9000 00:2b 7998092                    /home/brendan/.local/share/umake/android/android-studio/gradle/gradle-2.14.1/lib/plugins/ivy-2.2.0.jar
7f2b41b14000-7f2b41b2a000 r-xp 00000000 08:05 13636116                   /lib/x86_64-linux-gnu/libgcc_s.so.1
7f2b41b2a000-7f2b41d29000 ---p 00016000 08:05 13636116                   /lib/x86_64-linux-gnu/libgcc_s.so.1
7f2b41d29000-7f2b41d2a000 rw-p 00015000 08:05 13636116                   /lib/x86_64-linux-gnu/libgcc_s.so.1
7f2b41d2a000-7f2b41e9c000 r-xp 00000000 08:05 2753965                    /usr/lib/x86_64-linux-gnu/libstdc++.so.6.0.21
7f2b41e9c000-7f2b4209c000 ---p 00172000 08:05 2753965                    /usr/lib/x86_64-linux-gnu/libstdc++.so.6.0.21
7f2b4209c000-7f2b420a6000 r--p 00172000 08:05 2753965                    /usr/lib/x86_64-linux-gnu/libstdc++.so.6.0.21
7f2b420a6000-7f2b420a8000 rw-p 0017c000 08:05 2753965                    /usr/lib/x86_64-linux-gnu/libstdc++.so.6.0.21
7f2b420a8000-7f2b420ac000 rw-p 00000000 00:00 0 
7f2b420ac000-7f2b420ad000 r--s 00002000 00:2b 7998066                    /home/brendan/.local/share/umake/android/android-studio/gradle/gradle-2.14.1/lib/plugins/wagon-http-2.4.jar
7f2b420ad000-7f2b420ae000 r--s 00003000 00:2b 7998070                    /home/brendan/.local/share/umake/android/android-studio/gradle/gradle-2.14.1/lib/plugins/aether-spi-1.13.1.jar
7f2b420ae000-7f2b420af000 r--s 00006000 00:2b 7998139                    /home/brendan/.local/share/umake/android/android-studio/gradle/gradle-2.14.1/lib/plugins/plexus-sec-dispatcher-1.3.jar
7f2b420af000-7f2b420b4000 r--s 0002a000 00:2b 7998111                    /home/brendan/.local/share/umake/android/android-studio/gradle/gradle-2.14.1/lib/plugins/gson-2.2.4.jar
7f2b420b4000-7f2b420d0000 r--s 000d3000 00:2b 7998116                    /home/brendan/.local/share/umake/android/android-studio/gradle/gradle-2.14.1/lib/plugins/gradle-dependency-management-2.14.1.jar
7f2b420d0000-7f2b420d4000 r-xp 00000000 00:2b 7867425                    /home/brendan/.gradle/native/19/linux-amd64/libnative-platform.so
7f2b420d4000-7f2b422d3000 ---p 00004000 00:2b 7867425                    /home/brendan/.gradle/native/19/linux-amd64/libnative-platform.so
7f2b422d3000-7f2b422d4000 rw-p 00003000 00:2b 7867425                    /home/brendan/.gradle/native/19/linux-amd64/libnative-platform.so
7f2b422d4000-7f2b422e5000 r-xp 00000000 00:2b 8394473                    /home/brendan/.local/share/umake/android/android-studio/jre/jre/lib/amd64/libnio.so
7f2b422e5000-7f2b424e4000 ---p 00011000 00:2b 8394473                    /home/brendan/.local/share/umake/android/android-studio/jre/jre/lib/amd64/libnio.so
7f2b424e4000-7f2b424e5000 r--p 00010000 00:2b 8394473                    /home/brendan/.local/share/umake/android/android-studio/jre/jre/lib/amd64/libnio.so
7f2b424e5000-7f2b424e6000 rw-p 00011000 00:2b 8394473                    /home/brendan/.local/share/umake/android/android-studio/jre/jre/lib/amd64/libnio.so
7f2b424e6000-7f2b427e7000 rw-p 00000000 00:00 0 
7f2b427e7000-7f2b427fe000 r-xp 00000000 00:2b 8394471                    /home/brendan/.local/share/umake/android/android-studio/jre/jre/lib/amd64/libnet.so
7f2b427fe000-7f2b429fd000 ---p 00017000 00:2b 8394471                    /home/brendan/.local/share/umake/android/android-studio/jre/jre/lib/amd64/libnet.so
7f2b429fd000-7f2b429fe000 r--p 00016000 00:2b 8394471                    /home/brendan/.local/share/umake/android/android-studio/jre/jre/lib/amd64/libnet.so
7f2b429fe000-7f2b429ff000 rw-p 00017000 00:2b 8394471                    /home/brendan/.local/share/umake/android/android-studio/jre/jre/lib/amd64/libnet.so
7f2b429ff000-7f2b42a01000 r--s 00005000 00:2b 7998035                    /home/brendan/.local/share/umake/android/android-studio/gradle/gradle-2.14.1/lib/gradle-wrapper-2.14.1.jar
7f2b42a01000-7f2b42a0f000 r--s 0004f000 00:2b 7998020                    /home/brendan/.local/share/umake/android/android-studio/gradle/gradle-2.14.1/lib/gradle-tooling-api-2.14.1.jar
7f2b42a0f000-7f2b42a11000 r--s 00002000 00:2b 7998024                    /home/brendan/.local/share/umake/android/android-studio/gradle/gradle-2.14.1/lib/gradle-open-api-2.14.1.jar
7f2b42a11000-7f2b42a17000 r--s 00032000 00:2b 7998058                    /home/brendan/.local/share/umake/android/android-studio/gradle/gradle-2.14.1/lib/jaxen-1.1.jar
7f2b42a17000-7f2b42a1c000 r--s 00048000 00:2b 7998023                    /home/brendan/.local/share/umake/android/android-studio/gradle/gradle-2.14.1/lib/dom4j-1.6.1.jar
7f2b42a1c000-7f2b42a27000 r--s 00059000 00:2b 7998052                    /home/brendan/.local/share/umake/android/android-studio/gradle/gradle-2.14.1/lib/gradle-ui-2.14.1.jar
7f2b42a27000-7f2b42a2a000 r--s 0000b000 00:2b 7998181                    /home/brendan/.local/share/umake/android/android-studio/gradle/gradle-2.14.1/lib/gradle-resources-2.14.1.jar
7f2b42a2a000-7f2b42a2c000 r--s 00003000 00:2b 7998061                    /home/brendan/.local/share/umake/android/android-studio/gradle/gradle-2.14.1/lib/jcl-over-slf4j-1.7.10.jar
7f2b42a2c000-7f2b42a2d000 r--s 00005000 00:2b 7998055                    /home/brendan/.local/share/umake/android/android-studio/gradle/gradle-2.14.1/lib/log4j-over-slf4j-1.7.10.jar
7f2b42a2d000-7f2b42a2f000 r--s 00000000 00:2b 7998182                    /home/brendan/.local/share/umake/android/android-studio/gradle/gradle-2.14.1/lib/jul-to-slf4j-1.7.10.jar
7f2b42a2f000-7f2b42a34000 r--s 0001c000 00:2b 7998033                    /home/brendan/.local/share/umake/android/android-studio/gradle/gradle-2.14.1/lib/gradle-logging-2.14.1.jar
7f2b42a34000-7f2b42a36000 r--s 00007000 00:2b 7998064                    /home/brendan/.local/share/umake/android/android-studio/gradle/gradle-2.14.1/lib/objenesis-1.2.jar
7f2b42a36000-7f2b42a38000 r--s 00000000 00:2b 7998028                    /home/brendan/.local/share/umake/android/android-studio/gradle/gradle-2.14.1/lib/minlog-1.2.jar
7f2b42a38000-7f2b42a3a000 r--s 0000f000 00:2b 7998039                    /home/brendan/.local/share/umake/android/android-studio/gradle/gradle-2.14.1/lib/reflectasm-1.07-shaded.jar
7f2b42a3a000-7f2b42a3e000 r--s 00026000 00:2b 7998053                    /home/brendan/.local/share/umake/android/android-studio/gradle/gradle-2.14.1/lib/kryo-2.20.jar
7f2b42a3e000-7f2b42a44000 r--s 00025000 00:2b 7998022                    /home/brendan/.local/share/umake/android/android-studio/gradle/gradle-2.14.1/lib/gradle-messaging-2.14.1.jar
7f2b42a44000-7f2b42a45000 r--s 00003000 00:2b 7998060                    /home/brendan/.local/share/umake/android/android-studio/gradle/gradle-2.14.1/lib/native-platform-freebsd-amd64-0.10.jar
7f2b42a45000-7f2b42a46000 r--s 00003000 00:2b 7998042                    /home/brendan/.local/share/umake/android/android-studio/gradle/gradle-2.14.1/lib/native-platform-freebsd-i386-0.10.jar
7f2b42a46000-7f2b42a47000 r--s 00005000 00:2b 7998030                    /home/brendan/.local/share/umake/android/android-studio/gradle/gradle-2.14.1/lib/native-platform-windows-i386-0.10.jar
7f2b42a47000-7f2b42a48000 r--s 00005000 00:2b 7998029                    /home/brendan/.local/share/umake/android/android-studio/gradle/gradle-2.14.1/lib/native-platform-windows-amd64-0.10.jar
7f2b42a48000-7f2b42a49000 r--s 00003000 00:2b 7998043                    /home/brendan/.local/share/umake/android/android-studio/gradle/gradle-2.14.1/lib/native-platform-linux-i386-0.10.jar
7f2b42a49000-7f2b42a4a000 r--s 00003000 00:2b 7998027                    /home/brendan/.local/share/umake/android/android-studio/gradle/gradle-2.14.1/lib/native-platform-linux-amd64-0.10.jar
7f2b42a4a000-7f2b42a4c000 r--s 00008000 00:2b 7998057                    /home/brendan/.local/share/umake/android/android-studio/gradle/gradle-2.14.1/lib/jansi-1.2.1.jar
7f2b42a4c000-7f2b42a4f000 r--s 0000d000 00:2b 7998051                    /home/brendan/.local/share/umake/android/android-studio/gradle/gradle-2.14.1/lib/native-platform-0.10.jar
7f2b42a4f000-7f2b42a5e000 r--s 00080000 00:2b 7998048                    /home/brendan/.local/share/umake/android/android-studio/gradle/gradle-2.14.1/lib/gradle-model-core-2.14.1.jar
7f2b42a5e000-7f2b42acd000 r--s 0063e000 00:2b 7998185                    /home/brendan/.local/share/umake/android/android-studio/gradle/gradle-2.14.1/lib/groovy-all-2.4.4.jar
7f2b42acd000-7f2b42af5000 r--s 001cf000 00:2b 7998036                    /home/brendan/.local/share/umake/android/android-studio/gradle/gradle-2.14.1/lib/guava-jdk5-17.0.jar
7f2b42af5000-7f2b42b14000 r--s 001d1000 00:2b 7998034                    /home/brendan/.local/share/umake/android/android-studio/gradle/gradle-2.14.1/lib/ant-1.9.6.jar
7f2b42b14000-7f2b42b4b000 r--s 001bd000 00:2b 7998037                    /home/brendan/.local/share/umake/android/android-studio/gradle/gradle-2.14.1/lib/gradle-core-2.14.1.jar
7f2b42b4b000-7f2b42b4c000 ---p 00000000 00:00 0 
7f2b42b4c000-7f2b42c4c000 rw-p 00000000 00:00 0 
7f2b42c4c000-7f2b42c4f000 ---p 00000000 00:00 0 
7f2b42c4f000-7f2b42d4d000 rw-p 00000000 00:00 0 
7f2b42d4d000-7f2b42d50000 ---p 00000000 00:00 0 
7f2b42d50000-7f2b42e4e000 rw-p 00000000 00:00 0 
7f2b42e4e000-7f2b42e51000 ---p 00000000 00:00 0 
7f2b42e51000-7f2b42f4f000 rw-p 00000000 00:00 0 
7f2b42f4f000-7f2b42f52000 ---p 00000000 00:00 0 
7f2b42f52000-7f2b43050000 rw-p 00000000 00:00 0 
7f2b43050000-7f2b43328000 r--p 00000000 08:05 2752816                    /usr/lib/locale/locale-archive
7f2b43328000-7f2b4332b000 ---p 00000000 00:00 0 
7f2b4332b000-7f2b43429000 rw-p 00000000 00:00 0 
7f2b43429000-7f2b4342c000 ---p 00000000 00:00 0 
7f2b4342c000-7f2b4352a000 rw-p 00000000 00:00 0 
7f2b4352a000-7f2b4352b000 ---p 00000000 00:00 0 
7f2b4352b000-7f2b43e33000 rw-p 00000000 00:00 0 
7f2b43e33000-7f2b44000000 r--s 03bec000 00:2b 8394441                    /home/brendan/.local/share/umake/android/android-studio/jre/jre/lib/rt.jar
7f2b44000000-7f2b440aa000 rw-p 00000000 00:00 0 
7f2b440aa000-7f2b48000000 ---p 00000000 00:00 0 
7f2b48000000-7f2b48422000 rw-p 00000000 00:00 0 
7f2b48422000-7f2b48423000 ---p 00000000 00:00 0 
7f2b48423000-7f2b4854a000 rw-p 00000000 00:00 0 
7f2b4854a000-7f2b48723000 ---p 00000000 00:00 0 
7f2b48723000-7f2b4874a000 rw-p 00000000 00:00 0 
7f2b4874a000-7f2b48923000 ---p 00000000 00:00 0 
7f2b48923000-7f2b489c0000 rw-p 00000000 00:00 0 
7f2b489c0000-7f2b48a23000 ---p 00000000 00:00 0 
7f2b48a23000-7f2b48a92000 rw-p 00000000 00:00 0 
7f2b48a92000-7f2b48de4000 ---p 00000000 00:00 0 
7f2b48de4000-7f2b4a934000 rwxp 00000000 00:00 0 
7f2b4a934000-7f2b57de4000 ---p 00000000 00:00 0 
7f2b57de4000-7f2b57dfe000 r-xp 00000000 00:2b 8394468                    /home/brendan/.local/share/umake/android/android-studio/jre/jre/lib/amd64/libzip.so
7f2b57dfe000-7f2b57ffe000 ---p 0001a000 00:2b 8394468                    /home/brendan/.local/share/umake/android/android-studio/jre/jre/lib/amd64/libzip.so
7f2b57ffe000-7f2b57fff000 r--p 0001a000 00:2b 8394468                    /home/brendan/.local/share/umake/android/android-studio/jre/jre/lib/amd64/libzip.so
7f2b57fff000-7f2b58000000 rw-p 0001b000 00:2b 8394468                    /home/brendan/.local/share/umake/android/android-studio/jre/jre/lib/amd64/libzip.so
7f2b58000000-7f2b58b58000 rw-p 00000000 00:00 0 
7f2b58b58000-7f2b5c000000 ---p 00000000 00:00 0 
7f2b5c000000-7f2b5c001000 r--s 00002000 00:2b 7998026                    /home/brendan/.local/share/umake/android/android-studio/gradle/gradle-2.14.1/lib/native-platform-osx-amd64-0.10.jar
7f2b5c001000-7f2b5c005000 r--s 000e4000 00:2b 7998050                    /home/brendan/.local/share/umake/android/android-studio/gradle/gradle-2.14.1/lib/jna-3.2.7.jar
7f2b5c005000-7f2b5c007000 r--s 00009000 00:2b 7998062                    /home/brendan/.local/share/umake/android/android-studio/gradle/gradle-2.14.1/lib/gradle-native-2.14.1.jar
7f2b5c007000-7f2b5c009000 r--s 00005000 00:2b 7998063                    /home/brendan/.local/share/umake/android/android-studio/gradle/gradle-2.14.1/lib/gradle-cli-2.14.1.jar
7f2b5c009000-7f2b5c016000 r--s 00083000 00:2b 7998183                    /home/brendan/.local/share/umake/android/android-studio/gradle/gradle-2.14.1/lib/commons-collections-3.2.2.jar
7f2b5c016000-7f2b5c0fa000 rw-p 00000000 00:00 0 
7f2b5c0fa000-7f2b5c0fb000 ---p 00000000 00:00 0 
7f2b5c0fb000-7f2b5c1fb000 rw-p 00000000 00:00 0 
7f2b5c1fb000-7f2b5c206000 r-xp 00000000 08:05 13632812                   /lib/x86_64-linux-gnu/libnss_files-2.23.so
7f2b5c206000-7f2b5c405000 ---p 0000b000 08:05 13632812                   /lib/x86_64-linux-gnu/libnss_files-2.23.so
7f2b5c405000-7f2b5c406000 r--p 0000a000 08:05 13632812                   /lib/x86_64-linux-gnu/libnss_files-2.23.so
7f2b5c406000-7f2b5c407000 rw-p 0000b000 08:05 13632812                   /lib/x86_64-linux-gnu/libnss_files-2.23.so
7f2b5c407000-7f2b5c40d000 rw-p 00000000 00:00 0 
7f2b5c40d000-7f2b5c418000 r-xp 00000000 08:05 13632798                   /lib/x86_64-linux-gnu/libnss_nis-2.23.so
7f2b5c418000-7f2b5c617000 ---p 0000b000 08:05 13632798                   /lib/x86_64-linux-gnu/libnss_nis-2.23.so
7f2b5c617000-7f2b5c618000 r--p 0000a000 08:05 13632798                   /lib/x86_64-linux-gnu/libnss_nis-2.23.so
7f2b5c618000-7f2b5c619000 rw-p 0000b000 08:05 13632798                   /lib/x86_64-linux-gnu/libnss_nis-2.23.so
7f2b5c619000-7f2b5c62f000 r-xp 00000000 08:05 13632796                   /lib/x86_64-linux-gnu/libnsl-2.23.so
7f2b5c62f000-7f2b5c82e000 ---p 00016000 08:05 13632796                   /lib/x86_64-linux-gnu/libnsl-2.23.so
7f2b5c82e000-7f2b5c82f000 r--p 00015000 08:05 13632796                   /lib/x86_64-linux-gnu/libnsl-2.23.so
7f2b5c82f000-7f2b5c830000 rw-p 00016000 08:05 13632796                   /lib/x86_64-linux-gnu/libnsl-2.23.so
7f2b5c830000-7f2b5c832000 rw-p 00000000 00:00 0 
7f2b5c832000-7f2b5c83a000 r-xp 00000000 08:05 13632794                   /lib/x86_64-linux-gnu/libnss_compat-2.23.so
7f2b5c83a000-7f2b5ca39000 ---p 00008000 08:05 13632794                   /lib/x86_64-linux-gnu/libnss_compat-2.23.so
7f2b5ca39000-7f2b5ca3a000 r--p 00007000 08:05 13632794                   /lib/x86_64-linux-gnu/libnss_compat-2.23.so
7f2b5ca3a000-7f2b5ca3b000 rw-p 00008000 08:05 13632794                   /lib/x86_64-linux-gnu/libnss_compat-2.23.so
7f2b5ca3b000-7f2b5ca68000 r-xp 00000000 00:2b 8394478                    /home/brendan/.local/share/umake/android/android-studio/jre/jre/lib/amd64/libjava.so
7f2b5ca68000-7f2b5cc67000 ---p 0002d000 00:2b 8394478                    /home/brendan/.local/share/umake/android/android-studio/jre/jre/lib/amd64/libjava.so
7f2b5cc67000-7f2b5cc68000 r--p 0002c000 00:2b 8394478                    /home/brendan/.local/share/umake/android/android-studio/jre/jre/lib/amd64/libjava.so
7f2b5cc68000-7f2b5cc6a000 rw-p 0002d000 00:2b 8394478                    /home/brendan/.local/share/umake/android/android-studio/jre/jre/lib/amd64/libjava.so
7f2b5cc6a000-7f2b5cc7a000 r-xp 00000000 00:2b 8394494                    /home/brendan/.local/share/umake/android/android-studio/jre/jre/lib/amd64/libverify.so
7f2b5cc7a000-7f2b5ce79000 ---p 00010000 00:2b 8394494                    /home/brendan/.local/share/umake/android/android-studio/jre/jre/lib/amd64/libverify.so
7f2b5ce79000-7f2b5ce7b000 r--p 0000f000 00:2b 8394494                    /home/brendan/.local/share/umake/android/android-studio/jre/jre/lib/amd64/libverify.so
7f2b5ce7b000-7f2b5ce7c000 rw-p 00011000 00:2b 8394494                    /home/brendan/.local/share/umake/android/android-studio/jre/jre/lib/amd64/libverify.so
7f2b5ce7c000-7f2b5ce83000 r-xp 00000000 08:05 13632845                   /lib/x86_64-linux-gnu/librt-2.23.so
7f2b5ce83000-7f2b5d082000 ---p 00007000 08:05 13632845                   /lib/x86_64-linux-gnu/librt-2.23.so
7f2b5d082000-7f2b5d083000 r--p 00006000 08:05 13632845                   /lib/x86_64-linux-gnu/librt-2.23.so
7f2b5d083000-7f2b5d084000 rw-p 00007000 08:05 13632845                   /lib/x86_64-linux-gnu/librt-2.23.so
7f2b5d084000-7f2b5d18c000 r-xp 00000000 08:05 13632825                   /lib/x86_64-linux-gnu/libm-2.23.so
7f2b5d18c000-7f2b5d38b000 ---p 00108000 08:05 13632825                   /lib/x86_64-linux-gnu/libm-2.23.so
7f2b5d38b000-7f2b5d38c000 r--p 00107000 08:05 13632825                   /lib/x86_64-linux-gnu/libm-2.23.so
7f2b5d38c000-7f2b5d38d000 rw-p 00108000 08:05 13632825                   /lib/x86_64-linux-gnu/libm-2.23.so
7f2b5d38d000-7f2b5df73000 r-xp 00000000 00:2b 8394498                    /home/brendan/.local/share/umake/android/android-studio/jre/jre/lib/amd64/server/libjvm.so
7f2b5df73000-7f2b5e173000 ---p 00be6000 00:2b 8394498                    /home/brendan/.local/share/umake/android/android-studio/jre/jre/lib/amd64/server/libjvm.so
7f2b5e173000-7f2b5e212000 r--p 00be6000 00:2b 8394498                    /home/brendan/.local/share/umake/android/android-studio/jre/jre/lib/amd64/server/libjvm.so
7f2b5e212000-7f2b5e23b000 rw-p 00c85000 00:2b 8394498                    /home/brendan/.local/share/umake/android/android-studio/jre/jre/lib/amd64/server/libjvm.so
7f2b5e23b000-7f2b5e27d000 rw-p 00000000 00:00 0 
7f2b5e27d000-7f2b5e295000 r-xp 00000000 08:05 13632853                   /lib/x86_64-linux-gnu/libpthread-2.23.so
7f2b5e295000-7f2b5e494000 ---p 00018000 08:05 13632853                   /lib/x86_64-linux-gnu/libpthread-2.23.so
7f2b5e494000-7f2b5e495000 r--p 00017000 08:05 13632853                   /lib/x86_64-linux-gnu/libpthread-2.23.so
7f2b5e495000-7f2b5e496000 rw-p 00018000 08:05 13632853                   /lib/x86_64-linux-gnu/libpthread-2.23.so
7f2b5e496000-7f2b5e49a000 rw-p 00000000 00:00 0 
7f2b5e49a000-7f2b5e49d000 r-xp 00000000 08:05 13632855                   /lib/x86_64-linux-gnu/libdl-2.23.so
7f2b5e49d000-7f2b5e69c000 ---p 00003000 08:05 13632855                   /lib/x86_64-linux-gnu/libdl-2.23.so
7f2b5e69c000-7f2b5e69d000 r--p 00002000 08:05 13632855                   /lib/x86_64-linux-gnu/libdl-2.23.so
7f2b5e69d000-7f2b5e69e000 rw-p 00003000 08:05 13632855                   /lib/x86_64-linux-gnu/libdl-2.23.so
7f2b5e69e000-7f2b5e85d000 r-xp 00000000 08:05 13632854                   /lib/x86_64-linux-gnu/libc-2.23.so
7f2b5e85d000-7f2b5ea5d000 ---p 001bf000 08:05 13632854                   /lib/x86_64-linux-gnu/libc-2.23.so
7f2b5ea5d000-7f2b5ea61000 r--p 001bf000 08:05 13632854                   /lib/x86_64-linux-gnu/libc-2.23.so
7f2b5ea61000-7f2b5ea63000 rw-p 001c3000 08:05 13632854                   /lib/x86_64-linux-gnu/libc-2.23.so
7f2b5ea63000-7f2b5ea67000 rw-p 00000000 00:00 0 
7f2b5ea67000-7f2b5ea7d000 r-xp 00000000 00:2b 8388857                    /home/brendan/.local/share/umake/android/android-studio/jre/lib/amd64/jli/libjli.so
7f2b5ea7d000-7f2b5ec7c000 ---p 00016000 00:2b 8388857                    /home/brendan/.local/share/umake/android/android-studio/jre/lib/amd64/jli/libjli.so
7f2b5ec7c000-7f2b5ec7d000 r--p 00015000 00:2b 8388857                    /home/brendan/.local/share/umake/android/android-studio/jre/lib/amd64/jli/libjli.so
7f2b5ec7d000-7f2b5ec7e000 rw-p 00016000 00:2b 8388857                    /home/brendan/.local/share/umake/android/android-studio/jre/lib/amd64/jli/libjli.so
7f2b5ec7e000-7f2b5eca4000 r-xp 00000000 08:05 13632846                   /lib/x86_64-linux-gnu/ld-2.23.so
7f2b5eca4000-7f2b5eca5000 r--s 00002000 00:2b 7998056                    /home/brendan/.local/share/umake/android/android-studio/gradle/gradle-2.14.1/lib/native-platform-osx-i386-0.10.jar
7f2b5eca5000-7f2b5eca7000 r--s 00007000 00:2b 7998032                    /home/brendan/.local/share/umake/android/android-studio/gradle/gradle-2.14.1/lib/gradle-model-groovy-2.14.1.jar
7f2b5eca7000-7f2b5eca8000 r--s 00006000 00:2b 7998047                    /home/brendan/.local/share/umake/android/android-studio/gradle/gradle-2.14.1/lib/gradle-base-services-groovy-2.14.1.jar
7f2b5eca8000-7f2b5eca9000 r--s 00002000 00:2b 7998040                    /home/brendan/.local/share/umake/android/android-studio/gradle/gradle-2.14.1/lib/gradle-docs-2.14.1.jar
7f2b5eca9000-7f2b5ecaa000 r--s 00000000 00:2b 7998184                    /home/brendan/.local/share/umake/android/android-studio/gradle/gradle-2.14.1/lib/javax.inject-1.jar
7f2b5ecaa000-7f2b5ecab000 r--s 00000000 00:2b 7998038                    /home/brendan/.local/share/umake/android/android-studio/gradle/gradle-2.14.1/lib/jcip-annotations-1.0.jar
7f2b5ecab000-7f2b5ecaf000 r--s 00027000 00:2b 7998054                    /home/brendan/.local/share/umake/android/android-studio/gradle/gradle-2.14.1/lib/commons-io-2.2.jar
7f2b5ecaf000-7f2b5ecb4000 r--s 00038000 00:2b 7998044                    /home/brendan/.local/share/umake/android/android-studio/gradle/gradle-2.14.1/lib/asm-all-5.1.jar
7f2b5ecb4000-7f2b5ecb5000 r--s 00001000 00:2b 7998059                    /home/brendan/.local/share/umake/android/android-studio/gradle/gradle-2.14.1/lib/gradle-process-services-2.14.1.jar
7f2b5ecb5000-7f2b5ecb6000 r--s 00000000 00:2b 7998021                    /home/brendan/.local/share/umake/android/android-studio/gradle/gradle-2.14.1/lib/gradle-jvm-services-2.14.1.jar
7f2b5ecb6000-7f2b5ed78000 rw-p 00000000 00:00 0 
7f2b5ed78000-7f2b5ed7b000 ---p 00000000 00:00 0 
7f2b5ed7b000-7f2b5ee7d000 rw-p 00000000 00:00 0 
7f2b5ee7d000-7f2b5ee82000 r--s 00041000 00:2b 7998046                    /home/brendan/.local/share/umake/android/android-studio/gradle/gradle-2.14.1/lib/commons-lang-2.6.jar
7f2b5ee82000-7f2b5ee83000 r--s 00007000 00:2b 7998031                    /home/brendan/.local/share/umake/android/android-studio/gradle/gradle-2.14.1/lib/slf4j-api-1.7.10.jar
7f2b5ee83000-7f2b5ee84000 r--s 00004000 00:2b 7998049                    /home/brendan/.local/share/umake/android/android-studio/gradle/gradle-2.14.1/lib/ant-launcher-1.9.6.jar
7f2b5ee84000-7f2b5ee8c000 r--s 0003a000 00:2b 7998045                    /home/brendan/.local/share/umake/android/android-studio/gradle/gradle-2.14.1/lib/gradle-base-services-2.14.1.jar
7f2b5ee8c000-7f2b5ee97000 r--s 00051000 00:2b 7998041                    /home/brendan/.local/share/umake/android/android-studio/gradle/gradle-2.14.1/lib/gradle-launcher-2.14.1.jar
7f2b5ee97000-7f2b5ee9f000 rw-s 00000000 08:05 14942289                   /tmp/hsperfdata_brendan/25775
7f2b5ee9f000-7f2b5eea0000 rw-p 00000000 00:00 0 
7f2b5eea0000-7f2b5eea1000 ---p 00000000 00:00 0 
7f2b5eea1000-7f2b5eea3000 rw-p 00000000 00:00 0 
7f2b5eea3000-7f2b5eea4000 r--p 00025000 08:05 13632846                   /lib/x86_64-linux-gnu/ld-2.23.so
7f2b5eea4000-7f2b5eea5000 rw-p 00026000 08:05 13632846                   /lib/x86_64-linux-gnu/ld-2.23.so
7f2b5eea5000-7f2b5eea6000 rw-p 00000000 00:00 0 
7ffd5d648000-7ffd5d669000 rw-p 00000000 00:00 0                          [stack]
7ffd5d722000-7ffd5d724000 r--p 00000000 00:00 0                          [vvar]
7ffd5d724000-7ffd5d726000 r-xp 00000000 00:00 0                          [vdso]
ffffffffff600000-ffffffffff601000 r-xp 00000000 00:00 0                  [vsyscall]

VM Arguments:
jvm_args: -Xmx1536m -Dfile.encoding=UTF-8 -Duser.country=US -Duser.language=en -Duser.variant 
java_command: org.gradle.launcher.daemon.bootstrap.GradleDaemon 2.14.1
java_class_path (initial): /home/brendan/.local/share/umake/android/android-studio/gradle/gradle-2.14.1/lib/gradle-launcher-2.14.1.jar
Launcher Type: SUN_STANDARD

Environment Variables:
PATH=/home/brendan/.local/share/umake/bin:/usr/local/sbin:/usr/local/bin:/usr/sbin:/usr/bin:/sbin:/bin:/usr/games:/usr/local/games
USERNAME=brendan
LD_LIBRARY_PATH=/home/brendan/.local/share/umake/android/android-studio/bin:
SHELL=/bin/bash
DISPLAY=:0

Signal Handlers:
SIGSEGV: [libjvm.so+0x9daac0], sa_mask[0]=11111111011111111101111111111110, sa_flags=SA_RESTART|SA_SIGINFO
SIGBUS: [libjvm.so+0x9daac0], sa_mask[0]=11111111011111111101111111111110, sa_flags=SA_RESTART|SA_SIGINFO
SIGFPE: [libjvm.so+0x840d90], sa_mask[0]=11111111011111111101111111111110, sa_flags=SA_RESTART|SA_SIGINFO
SIGPIPE: [libjvm.so+0x840d90], sa_mask[0]=11111111011111111101111111111110, sa_flags=SA_RESTART|SA_SIGINFO
SIGXFSZ: [libjvm.so+0x840d90], sa_mask[0]=11111111011111111101111111111110, sa_flags=SA_RESTART|SA_SIGINFO
SIGILL: [libjvm.so+0x840d90], sa_mask[0]=11111111011111111101111111111110, sa_flags=SA_RESTART|SA_SIGINFO
SIGUSR1: SIG_DFL, sa_mask[0]=00000000000000000000000000000000, sa_flags=none
SIGUSR2: [libjvm.so+0x840c60], sa_mask[0]=00100000000000000000000000000000, sa_flags=SA_RESTART|SA_SIGINFO
SIGHUP: [libjvm.so+0x840e50], sa_mask[0]=11111111011111111101111111111110, sa_flags=SA_RESTART|SA_SIGINFO
SIGINT: [libjvm.so+0x840e50], sa_mask[0]=11111111011111111101111111111110, sa_flags=SA_RESTART|SA_SIGINFO
SIGTERM: [libjvm.so+0x840e50], sa_mask[0]=11111111011111111101111111111110, sa_flags=SA_RESTART|SA_SIGINFO
SIGQUIT: [libjvm.so+0x840e50], sa_mask[0]=11111111011111111101111111111110, sa_flags=SA_RESTART|SA_SIGINFO


---------------  S Y S T E M  ---------------

OS:DISTRIB_ID=LinuxMint
DISTRIB_RELEASE=18
DISTRIB_CODENAME=sarah
DISTRIB_DESCRIPTION="Linux Mint 18 Sarah"

uname:Linux 4.4.0-47-generic #68-Ubuntu SMP Wed Oct 26 19:39:52 UTC 2016 x86_64
libc:glibc 2.23 NPTL 2.23 
rlimit: STACK 8192k, CORE 0k, NPROC 15508, NOFILE 65536, AS infinity
load average:3.77 1.72 1.12

/proc/meminfo:
MemTotal:        4013060 kB
MemFree:          110244 kB
MemAvailable:      26140 kB
Buffers:             720 kB
Cached:           103916 kB
SwapCached:            0 kB
Active:          3657980 kB
Inactive:          90512 kB
Active(anon):    3646160 kB
Inactive(anon):    71992 kB
Active(file):      11820 kB
Inactive(file):    18520 kB
Unevictable:           0 kB
Mlocked:               0 kB
SwapTotal:             0 kB
SwapFree:              0 kB
Dirty:              1820 kB
Writeback:             0 kB
AnonPages:       3643984 kB
Mapped:            78844 kB
Shmem:             74168 kB
Slab:              85272 kB
SReclaimable:      42716 kB
SUnreclaim:        42556 kB
KernelStack:        8208 kB
PageTables:        26908 kB
NFS_Unstable:          0 kB
Bounce:                0 kB
WritebackTmp:          0 kB
CommitLimit:     2006528 kB
Committed_AS:    6088088 kB
VmallocTotal:   34359738367 kB
VmallocUsed:           0 kB
VmallocChunk:          0 kB
HardwareCorrupted:     0 kB
AnonHugePages:   1486848 kB
CmaTotal:              0 kB
CmaFree:               0 kB
HugePages_Total:       0
HugePages_Free:        0
HugePages_Rsvd:        0
HugePages_Surp:        0
Hugepagesize:       2048 kB
DirectMap4k:      148924 kB
DirectMap2M:     4012032 kB


CPU:total 2 (2 cores per cpu, 1 threads per core) family 6 model 23 stepping 10, cmov, cx8, fxsr, mmx, sse, sse2, sse3, ssse3, sse4.1, tsc

/proc/cpuinfo:
processor	: 0
vendor_id	: GenuineIntel
cpu family	: 6
model		: 23
model name	: Intel(R) Core(TM)2 Duo CPU     T6400  @ 2.00GHz
stepping	: 10
microcode	: 0xa07
cpu MHz		: 2000.000
cache size	: 2048 KB
physical id	: 0
siblings	: 2
core id		: 0
cpu cores	: 2
apicid		: 0
initial apicid	: 0
fpu		: yes
fpu_exception	: yes
cpuid level	: 13
wp		: yes
flags		: fpu vme de pse tsc msr pae mce cx8 apic sep mtrr pge mca cmov pat pse36 clflush dts acpi mmx fxsr sse sse2 ss ht tm pbe syscall nx lm constant_tsc arch_perfmon pebs bts rep_good nopl aperfmperf pni dtes64 monitor ds_cpl est tm2 ssse3 cx16 xtpr pdcm sse4_1 xsave lahf_lm dtherm
bugs		:
bogomips	: 3988.70
clflush size	: 64
cache_alignment	: 64
address sizes	: 36 bits physical, 48 bits virtual
power management:

processor	: 1
vendor_id	: GenuineIntel
cpu family	: 6
model		: 23
model name	: Intel(R) Core(TM)2 Duo CPU     T6400  @ 2.00GHz
stepping	: 10
microcode	: 0xa07
cpu MHz		: 2000.000
cache size	: 2048 KB
physical id	: 0
siblings	: 2
core id		: 1
cpu cores	: 2
apicid		: 1
initial apicid	: 1
fpu		: yes
fpu_exception	: yes
cpuid level	: 13
wp		: yes
flags		: fpu vme de pse tsc msr pae mce cx8 apic sep mtrr pge mca cmov pat pse36 clflush dts acpi mmx fxsr sse sse2 ss ht tm pbe syscall nx lm constant_tsc arch_perfmon pebs bts rep_good nopl aperfmperf pni dtes64 monitor ds_cpl est tm2 ssse3 cx16 xtpr pdcm sse4_1 xsave lahf_lm dtherm
bugs		:
bogomips	: 3988.70
clflush size	: 64
cache_alignment	: 64
address sizes	: 36 bits physical, 48 bits virtual
power management:



Memory: 4k page, physical 4013060k(110244k free), swap 0k(0k free)

vm_info: OpenJDK 64-Bit Server VM (25.76-b03) for linux-amd64 JRE (1.8.0_76-release-b03), built on Jun 29 2016 09:39:19 by "builder" with gcc 4.8.4

time: Mon Dec  5 03:02:26 2016
elapsed time: 72 seconds (0d 0h 1m 12s)

